TN:
SF:src/App.tsx
FN:101,(anonymous_1)
FN:115,(anonymous_2)
FN:126,(anonymous_3)
FN:129,(anonymous_4)
FN:130,(anonymous_5)
FN:136,(anonymous_6)
FN:141,(anonymous_7)
FN:146,(anonymous_8)
FN:158,(anonymous_9)
FN:167,(anonymous_10)
FN:168,(anonymous_11)
FN:177,(anonymous_12)
FN:178,(anonymous_13)
FN:186,(anonymous_14)
FN:193,(anonymous_15)
FN:198,(anonymous_16)
FN:203,(anonymous_17)
FN:213,(anonymous_18)
FN:251,(anonymous_19)
FNF:19
FNH:0
FNDA:0,(anonymous_1)
FNDA:0,(anonymous_2)
FNDA:0,(anonymous_3)
FNDA:0,(anonymous_4)
FNDA:0,(anonymous_5)
FNDA:0,(anonymous_6)
FNDA:0,(anonymous_7)
FNDA:0,(anonymous_8)
FNDA:0,(anonymous_9)
FNDA:0,(anonymous_10)
FNDA:0,(anonymous_11)
FNDA:0,(anonymous_12)
FNDA:0,(anonymous_13)
FNDA:0,(anonymous_14)
FNDA:0,(anonymous_15)
FNDA:0,(anonymous_16)
FNDA:0,(anonymous_17)
FNDA:0,(anonymous_18)
FNDA:0,(anonymous_19)
DA:1,0
DA:2,0
DA:3,0
DA:4,0
DA:5,0
DA:6,0
DA:7,0
DA:8,0
DA:10,0
DA:12,0
DA:13,0
DA:14,0
DA:15,0
DA:16,0
DA:17,0
DA:18,0
DA:19,0
DA:20,0
DA:21,0
DA:22,0
DA:23,0
DA:24,0
DA:25,0
DA:26,0
DA:27,0
DA:28,0
DA:29,0
DA:30,0
DA:31,0
DA:32,0
DA:33,0
DA:34,0
DA:35,0
DA:36,0
DA:37,0
DA:48,0
DA:49,0
DA:50,0
DA:51,0
DA:52,0
DA:53,0
DA:81,0
DA:82,0
DA:83,0
DA:84,0
DA:85,0
DA:86,0
DA:87,0
DA:88,0
DA:89,0
DA:98,0
DA:99,0
DA:101,0
DA:102,0
DA:103,0
DA:104,0
DA:105,0
DA:106,0
DA:107,0
DA:108,0
DA:109,0
DA:110,0
DA:112,0
DA:113,0
DA:115,0
DA:116,0
DA:118,0
DA:119,0
DA:121,0
DA:122,0
DA:126,0
DA:127,0
DA:129,0
DA:130,0
DA:131,0
DA:132,0
DA:133,0
DA:136,0
DA:137,0
DA:138,0
DA:141,0
DA:142,0
DA:143,0
DA:146,0
DA:147,0
DA:148,0
DA:152,0
DA:153,0
DA:154,0
DA:155,0
DA:158,0
DA:159,0
DA:161,0
DA:162,0
DA:163,0
DA:165,0
DA:167,0
DA:168,0
DA:169,0
DA:170,0
DA:172,0
DA:173,0
DA:177,0
DA:178,0
DA:180,0
DA:181,0
DA:182,0
DA:186,0
DA:187,0
DA:193,0
DA:194,0
DA:195,0
DA:198,0
DA:199,0
DA:200,0
DA:203,0
DA:204,0
DA:205,0
DA:206,0
DA:207,0
DA:208,0
DA:209,0
DA:213,0
DA:214,0
DA:215,0
DA:216,0
DA:217,0
DA:218,0
DA:219,0
DA:220,0
DA:221,0
DA:222,0
DA:223,0
DA:224,0
DA:225,0
DA:227,0
DA:231,0
DA:251,0
DA:277,0
LF:139
LH:0
BRDA:108,0,0,0
BRDA:108,0,1,0
BRDA:113,1,0,0
BRDA:113,1,1,0
BRDA:118,2,0,0
BRDA:118,3,0,0
BRDA:118,3,1,0
BRDA:118,3,2,0
BRDA:121,4,0,0
BRDA:130,5,0,0
BRDA:130,5,1,0
BRDA:130,6,0,0
BRDA:130,6,1,0
BRDA:136,7,0,0
BRDA:136,7,1,0
BRDA:136,8,0,0
BRDA:136,8,1,0
BRDA:141,9,0,0
BRDA:141,9,1,0
BRDA:141,10,0,0
BRDA:141,10,1,0
BRDA:146,11,0,0
BRDA:146,11,1,0
BRDA:146,12,0,0
BRDA:146,12,1,0
BRDA:154,13,0,0
BRDA:154,13,1,0
BRDA:161,14,0,0
BRDA:162,15,0,0
BRDA:168,16,0,0
BRDA:168,16,1,0
BRDA:168,17,0,0
BRDA:168,17,1,0
BRDA:172,18,0,0
BRDA:177,19,0,0
BRDA:177,19,1,0
BRDA:177,20,0,0
BRDA:177,20,1,0
BRDA:180,21,0,0
BRDA:186,22,0,0
BRDA:186,22,1,0
BRDA:186,23,0,0
BRDA:186,23,1,0
BRDA:204,24,0,0
BRDA:204,24,1,0
BRDA:206,25,0,0
BRDA:206,25,1,0
BRDA:208,26,0,0
BRDA:214,27,0,0
BRDA:214,27,1,0
BRDA:216,28,0,0
BRDA:216,28,1,0
BRDA:218,29,0,0
BRDA:218,29,1,0
BRDA:220,30,0,0
BRDA:220,30,1,0
BRDA:222,31,0,0
BRDA:222,31,1,0
BRDA:224,32,0,0
BRDA:224,32,1,0
BRDA:236,33,0,0
BRDA:236,33,1,0
BRDA:267,34,0,0
BRDA:267,34,1,0
BRDA:268,35,0,0
BRDA:268,35,1,0
BRDA:269,36,0,0
BRDA:269,36,1,0
BRF:68
BRH:0
end_of_record
TN:
SF:src/icons.tsx
FNF:0
FNH:0
DA:3,0
DA:4,0
DA:5,0
DA:6,0
DA:7,0
DA:8,0
DA:9,0
DA:10,0
DA:11,0
DA:12,0
DA:13,0
DA:14,0
DA:15,0
DA:16,0
DA:17,0
DA:18,0
DA:19,0
DA:20,0
DA:21,0
DA:23,0
DA:24,0
DA:25,0
DA:26,0
DA:27,0
DA:28,0
DA:29,0
DA:30,0
DA:31,0
DA:32,0
DA:33,0
DA:35,0
DA:36,0
DA:37,0
DA:38,0
DA:39,0
DA:40,0
DA:41,0
DA:42,0
DA:43,0
DA:44,0
DA:45,0
DA:46,0
DA:47,0
DA:48,0
DA:49,0
DA:50,0
DA:51,0
DA:52,0
DA:53,0
DA:55,0
DA:56,0
DA:57,0
DA:58,0
DA:59,0
DA:60,0
DA:62,0
DA:63,0
DA:64,0
DA:65,0
DA:66,0
DA:68,0
DA:69,0
DA:70,0
DA:71,0
DA:72,0
DA:73,0
DA:74,0
DA:75,0
DA:76,0
DA:77,0
DA:78,0
DA:79,0
DA:80,0
DA:81,0
DA:82,0
DA:83,0
DA:84,0
DA:85,0
DA:87,0
DA:88,0
DA:89,0
DA:90,0
DA:91,0
DA:92,0
DA:93,0
DA:94,0
DA:95,0
DA:96,0
DA:97,0
DA:98,0
DA:99,0
DA:101,0
DA:102,0
DA:103,0
DA:104,0
DA:105,0
DA:106,0
DA:107,0
DA:108,0
DA:109,0
DA:110,0
DA:111,0
DA:112,0
DA:113,0
DA:114,0
DA:115,0
DA:116,0
DA:117,0
DA:118,0
DA:119,0
LF:110
LH:0
BRF:0
BRH:0
end_of_record
TN:
SF:src/index.tsx
FNF:0
FNH:0
DA:2,0
DA:3,0
DA:4,0
DA:6,0
DA:7,0
DA:9,0
LF:6
LH:0
BRF:0
BRH:0
end_of_record
TN:
SF:src/react-app-env.d.ts
FNF:0
FNH:0
LF:0
LH:0
BRF:0
BRH:0
end_of_record
TN:
SF:src/theme.ts
FNF:0
FNH:0
DA:3,0
DA:4,0
DA:6,0
DA:168,0
DA:253,0
DA:338,0
DA:423,0
DA:501,0
DA:579,0
DA:657,0
DA:735,0
DA:813,0
LF:12
LH:0
BRF:0
BRH:0
end_of_record
TN:
SF:src/types.d.ts
FNF:0
FNH:0
LF:0
LH:0
BRF:0
BRH:0
end_of_record
TN:
SF:src/components/ActionIconButton/ActionIconButton.tsx
FN:18,(anonymous_1)
FN:32,(anonymous_2)
FN:33,(anonymous_3)
FN:36,(anonymous_4)
FNF:4
FNH:0
FNDA:0,(anonymous_1)
FNDA:0,(anonymous_2)
FNDA:0,(anonymous_3)
FNDA:0,(anonymous_4)
DA:1,0
DA:2,0
DA:4,0
DA:5,0
DA:7,0
DA:18,0
DA:28,0
DA:29,0
DA:30,0
DA:32,0
DA:33,0
DA:36,0
DA:37,0
DA:38,0
DA:41,0
DA:58,0
LF:16
LH:0
BRDA:24,0,0,0
BRF:1
BRH:0
end_of_record
TN:
SF:src/components/ActionIconButton/ActionIconButtonStyles.ts
FN:3,(anonymous_0)
FNF:1
FNH:0
FNDA:0,(anonymous_0)
DA:1,0
DA:3,0
LF:2
LH:0
BRF:0
BRH:0
end_of_record
TN:
SF:src/components/ActionSnackbar/ActionSnackbar.tsx
FN:9,(anonymous_0)
FN:21,(anonymous_1)
FNF:2
FNH:0
FNDA:0,(anonymous_0)
FNDA:0,(anonymous_1)
DA:2,0
DA:3,0
DA:5,0
DA:6,0
DA:7,0
DA:9,0
DA:10,0
DA:11,0
DA:12,0
DA:13,0
DA:15,0
DA:21,0
DA:27,0
LF:13
LH:0
BRF:0
BRH:0
end_of_record
TN:
SF:src/components/ActionSnackbar/ActionSnackbarStyles.tsx
FN:3,(anonymous_0)
FNF:1
FNH:0
FNDA:0,(anonymous_0)
DA:1,0
DA:3,0
LF:2
LH:0
BRF:0
BRH:0
end_of_record
TN:
SF:src/components/AddTweetForm/AddTweetForm.tsx
FN:60,(anonymous_14)
FN:89,(anonymous_15)
FN:103,(anonymous_16)
FN:103,(anonymous_17)
FN:109,(anonymous_18)
FN:124,(anonymous_19)
FN:124,(anonymous_20)
FN:130,(anonymous_21)
FN:130,(anonymous_22)
FN:142,(anonymous_23)
FN:142,(anonymous_24)
FN:151,(anonymous_25)
FN:155,(anonymous_26)
FN:167,(anonymous_27)
FN:168,(anonymous_28)
FN:168,(anonymous_29)
FN:173,(anonymous_30)
FN:177,(anonymous_31)
FN:181,(anonymous_32)
FN:186,(anonymous_33)
FN:187,(anonymous_34)
FN:190,(anonymous_35)
FN:195,(anonymous_36)
FNF:23
FNH:0
FNDA:0,(anonymous_14)
FNDA:0,(anonymous_15)
FNDA:0,(anonymous_16)
FNDA:0,(anonymous_17)
FNDA:0,(anonymous_18)
FNDA:0,(anonymous_19)
FNDA:0,(anonymous_20)
FNDA:0,(anonymous_21)
FNDA:0,(anonymous_22)
FNDA:0,(anonymous_23)
FNDA:0,(anonymous_24)
FNDA:0,(anonymous_25)
FNDA:0,(anonymous_26)
FNDA:0,(anonymous_27)
FNDA:0,(anonymous_28)
FNDA:0,(anonymous_29)
FNDA:0,(anonymous_30)
FNDA:0,(anonymous_31)
FNDA:0,(anonymous_32)
FNDA:0,(anonymous_33)
FNDA:0,(anonymous_34)
FNDA:0,(anonymous_35)
FNDA:0,(anonymous_36)
DA:1,0
DA:2,0
DA:3,0
DA:4,0
DA:5,0
DA:6,0
DA:8,0
DA:15,0
DA:16,0
DA:17,0
DA:18,0
DA:19,0
DA:20,0
DA:21,0
DA:22,0
DA:24,0
DA:25,0
DA:26,0
DA:27,0
DA:28,0
DA:29,0
DA:30,0
DA:31,0
DA:32,0
DA:33,0
DA:34,0
DA:35,0
DA:37,0
DA:58,0
DA:60,0
DA:75,0
DA:76,0
DA:77,0
DA:78,0
DA:79,0
DA:80,0
DA:81,0
DA:82,0
DA:83,0
DA:84,0
DA:85,0
DA:86,0
DA:87,0
DA:89,0
DA:90,0
DA:91,0
DA:92,0
DA:93,0
DA:94,0
DA:95,0
DA:96,0
DA:97,0
DA:98,0
DA:103,0
DA:104,0
DA:106,0
DA:107,0
DA:108,0
DA:109,0
DA:110,0
DA:111,0
DA:112,0
DA:113,0
DA:114,0
DA:115,0
DA:117,0
DA:119,0
DA:124,0
DA:125,0
DA:126,0
DA:127,0
DA:130,0
DA:131,0
DA:132,0
DA:139,0
DA:142,0
DA:143,0
DA:145,0
DA:146,0
DA:147,0
DA:148,0
DA:149,0
DA:151,0
DA:152,0
DA:155,0
DA:156,0
DA:157,0
DA:158,0
DA:159,0
DA:160,0
DA:161,0
DA:162,0
DA:163,0
DA:164,0
DA:167,0
DA:168,0
DA:169,0
DA:170,0
DA:173,0
DA:174,0
DA:177,0
DA:178,0
DA:181,0
DA:182,0
DA:183,0
DA:186,0
DA:187,0
DA:190,0
DA:191,0
DA:192,0
DA:195,0
DA:196,0
DA:199,0
DA:297,0
LF:114
LH:0
BRDA:90,0,0,0
BRDA:93,1,0,0
BRDA:93,2,0,0
BRDA:93,2,1,0
BRDA:93,3,0,0
BRDA:93,3,1,0
BRDA:106,4,0,0
BRDA:106,4,1,0
BRDA:111,5,0,0
BRDA:111,5,1,0
BRDA:111,6,0,0
BRDA:111,6,1,0
BRDA:113,7,0,0
BRDA:113,7,1,0
BRDA:114,8,0,0
BRDA:114,8,1,0
BRDA:114,9,0,0
BRDA:114,9,1,0
BRDA:115,10,0,0
BRDA:119,11,0,0
BRDA:119,11,1,0
BRDA:156,12,0,0
BRDA:156,12,1,0
BRDA:156,13,0,0
BRDA:156,13,1,0
BRDA:164,14,0,0
BRDA:208,15,0,0
BRDA:208,15,1,0
BRDA:211,16,0,0
BRDA:211,16,1,0
BRDA:225,17,0,0
BRDA:225,17,1,0
BRDA:226,18,0,0
BRDA:226,18,1,0
BRDA:234,19,0,0
BRDA:234,19,1,0
BRDA:240,20,0,0
BRDA:240,20,1,0
BRDA:246,21,0,0
BRDA:246,21,1,0
BRDA:256,22,0,0
BRDA:256,22,1,0
BRDA:264,23,0,0
BRDA:264,23,1,0
BRDA:265,24,0,0
BRDA:265,24,1,0
BRDA:278,25,0,0
BRDA:278,25,1,0
BRDA:279,26,0,0
BRDA:279,26,1,0
BRDA:281,27,0,0
BRDA:281,27,1,0
BRDA:282,28,0,0
BRDA:282,28,1,0
BRDA:282,28,2,0
BRDA:282,28,3,0
BRDA:284,29,0,0
BRDA:284,29,1,0
BRF:58
BRH:0
end_of_record
TN:
SF:src/components/AddTweetForm/AddTweetFormStyles.tsx
FN:10,(anonymous_0)
FN:52,(anonymous_1)
FNF:2
FNH:0
FNDA:0,(anonymous_0)
FNDA:0,(anonymous_1)
DA:1,0
DA:10,0
DA:52,0
LF:3
LH:0
BRDA:52,0,0,0
BRDA:52,0,1,0
BRDA:52,1,0,0
BRDA:52,1,1,0
BRF:4
BRH:0
end_of_record
TN:
SF:src/components/AddTweetForm/AddTweetImage/AddTweetImage.tsx
FN:23,(anonymous_1)
FNF:1
FNH:0
FNDA:0,(anonymous_1)
DA:1,0
DA:2,0
DA:4,0
DA:5,0
DA:6,0
DA:8,0
DA:9,0
DA:10,0
DA:23,0
DA:34,0
DA:35,0
DA:37,0
DA:38,0
DA:41,0
DA:68,0
LF:15
LH:0
BRDA:37,0,0,0
BRDA:42,1,0,0
BRDA:42,1,1,0
BRF:3
BRH:0
end_of_record
TN:
SF:src/components/AddTweetForm/AddTweetImage/AddTweetImageStyles.ts
FN:3,(anonymous_0)
FNF:1
FNH:0
FNDA:0,(anonymous_0)
DA:1,0
DA:3,0
LF:2
LH:0
BRF:0
BRH:0
end_of_record
TN:
SF:src/components/AddTweetForm/AddTweetImage/AddDescription/AddDescription.tsx
FN:14,(anonymous_1)
FNF:1
FNH:0
FNDA:0,(anonymous_1)
DA:3,0
DA:4,0
DA:5,0
DA:6,0
DA:14,0
DA:21,0
DA:23,0
DA:40,0
LF:8
LH:0
BRDA:26,0,0,0
BRDA:26,0,1,0
BRF:2
BRH:0
end_of_record
TN:
SF:src/components/AddTweetForm/AddTweetImage/AddDescription/AddDescriptionModal/AddDescriptionModalStyles.ts
FN:3,(anonymous_0)
FNF:1
FNH:0
FNDA:0,(anonymous_0)
DA:1,0
DA:3,0
LF:2
LH:0
BRF:0
BRH:0
end_of_record
TN:
SF:src/components/AddTweetForm/AddTweetImage/ImageAction/ImageAction.tsx
FN:12,(anonymous_0)
FNF:1
FNH:0
FNDA:0,(anonymous_0)
DA:2,0
DA:4,0
DA:12,0
DA:13,0
DA:15,0
DA:25,0
LF:6
LH:0
BRF:0
BRH:0
end_of_record
TN:
SF:src/components/AddTweetForm/AddTweetImage/ImageAction/ImageActionStyles.ts
FN:3,(anonymous_0)
FNF:1
FNH:0
FNDA:0,(anonymous_0)
DA:1,0
DA:3,0
LF:2
LH:0
BRF:0
BRH:0
end_of_record
TN:
SF:src/components/AddTweetForm/AddTweetImage/TagPeople/TagPeople.tsx
FN:16,(anonymous_1)
FNF:1
FNH:0
FNDA:0,(anonymous_1)
DA:3,0
DA:4,0
DA:5,0
DA:6,0
DA:8,0
DA:16,0
DA:23,0
DA:25,0
DA:39,0
LF:9
LH:0
BRF:0
BRH:0
end_of_record
TN:
SF:src/components/AddTweetForm/AddTweetImage/TagPeople/TagPeopleModal/TagPeopleModal.tsx
FN:27,(anonymous_1)
FN:42,(anonymous_2)
FN:53,(anonymous_3)
FN:77,(anonymous_4)
FN:88,(anonymous_5)
FNF:5
FNH:0
FNDA:0,(anonymous_1)
FNDA:0,(anonymous_2)
FNDA:0,(anonymous_3)
FNDA:0,(anonymous_4)
FNDA:0,(anonymous_5)
DA:1,0
DA:2,0
DA:3,0
DA:5,0
DA:10,0
DA:11,0
DA:12,0
DA:13,0
DA:14,0
DA:16,0
DA:17,0
DA:27,0
DA:36,0
DA:37,0
DA:38,0
DA:39,0
DA:40,0
DA:42,0
DA:43,0
DA:44,0
DA:45,0
DA:46,0
DA:48,0
DA:49,0
DA:53,0
DA:54,0
DA:57,0
DA:58,0
DA:61,0
DA:78,0
DA:89,0
DA:98,0
LF:32
LH:0
BRDA:43,0,0,0
BRDA:43,0,1,0
BRDA:57,1,0,0
BRDA:77,2,0,0
BRDA:77,2,1,0
BRF:5
BRH:0
end_of_record
TN:
SF:src/components/AddTweetForm/AddTweetImage/TagPeople/TagPeopleModal/TagPeopleItem/TagPeopleItem.tsx
FN:14,(anonymous_1)
FN:20,(anonymous_2)
FNF:2
FNH:0
FNDA:0,(anonymous_1)
FNDA:0,(anonymous_2)
DA:2,0
DA:4,0
DA:6,0
DA:7,0
DA:14,0
DA:15,0
DA:16,0
DA:17,0
DA:19,0
DA:20,0
DA:44,0
LF:11
LH:0
BRDA:15,0,0,0
BRDA:15,0,1,0
BRDA:15,1,0,0
BRDA:15,1,1,0
BRDA:15,2,0,0
BRDA:15,2,1,0
BRDA:17,3,0,0
BRDA:17,3,1,0
BRDA:17,4,0,0
BRDA:17,4,1,0
BRDA:17,5,0,0
BRDA:17,5,1,0
BRDA:17,6,0,0
BRDA:17,6,1,0
BRDA:20,7,0,0
BRDA:20,7,1,0
BRDA:28,8,0,0
BRDA:28,8,1,0
BRDA:28,9,0,0
BRDA:28,9,1,0
BRDA:30,10,0,0
BRDA:30,10,1,0
BRDA:30,11,0,0
BRDA:30,11,1,0
BRDA:30,12,0,0
BRDA:30,12,1,0
BRDA:33,13,0,0
BRDA:33,13,1,0
BRDA:33,14,0,0
BRDA:33,14,1,0
BRDA:34,15,0,0
BRDA:34,15,1,0
BRF:32
BRH:0
end_of_record
TN:
SF:src/components/AddTweetForm/AddTweetImage/TagPeople/TagPeopleModal/TagPeopleItem/TagPeopleItemStyles.ts
FN:7,(anonymous_0)
FN:15,(anonymous_1)
FN:16,(anonymous_2)
FNF:3
FNH:0
FNDA:0,(anonymous_0)
FNDA:0,(anonymous_1)
FNDA:0,(anonymous_2)
DA:1,0
DA:7,0
DA:15,0
DA:16,0
LF:4
LH:0
BRDA:15,0,0,0
BRDA:15,0,1,0
BRDA:16,1,0,0
BRDA:16,1,1,0
BRF:4
BRH:0
end_of_record
TN:
SF:src/components/AddTweetForm/EmojiIconButton/EmojiIconButton.tsx
FN:13,(anonymous_1)
FNF:1
FNH:0
FNDA:0,(anonymous_1)
DA:1,0
DA:2,0
DA:3,0
DA:5,0
DA:6,0
DA:7,0
DA:13,0
DA:14,0
DA:16,0
DA:39,0
LF:10
LH:0
BRF:0
BRH:0
end_of_record
TN:
SF:src/components/AddTweetForm/Poll/Poll.tsx
FN:37,(anonymous_1)
FN:42,(anonymous_2)
FN:43,(anonymous_3)
FN:46,(anonymous_4)
FN:50,(anonymous_5)
FN:60,(anonymous_6)
FNF:6
FNH:0
FNDA:0,(anonymous_1)
FNDA:0,(anonymous_2)
FNDA:0,(anonymous_3)
FNDA:0,(anonymous_4)
FNDA:0,(anonymous_5)
FNDA:0,(anonymous_6)
DA:1,0
DA:2,0
DA:4,0
DA:5,0
DA:6,0
DA:7,0
DA:8,0
DA:20,0
DA:37,0
DA:38,0
DA:39,0
DA:40,0
DA:42,0
DA:43,0
DA:46,0
DA:47,0
DA:50,0
DA:51,0
DA:52,0
DA:54,0
DA:55,0
DA:57,0
DA:60,0
DA:61,0
DA:62,0
DA:65,0
DA:66,0
DA:69,0
DA:143,0
LF:29
LH:0
BRDA:51,0,0,0
BRDA:51,0,1,0
BRDA:65,1,0,0
BRDA:73,2,0,0
BRDA:73,2,1,0
BRDA:86,3,0,0
BRDA:86,3,1,0
BRDA:94,4,0,0
BRDA:94,4,1,0
BRDA:103,5,0,0
BRDA:103,5,1,0
BRF:11
BRH:0
end_of_record
TN:
SF:src/components/AddTweetForm/Poll/PollStyles.tsx
FN:3,(anonymous_0)
FNF:1
FNH:0
FNDA:0,(anonymous_0)
DA:1,0
DA:3,0
LF:2
LH:0
BRF:0
BRH:0
end_of_record
TN:
SF:src/components/AddTweetForm/Poll/AddPollInputButton/AddPollInputButton.tsx
FN:13,(anonymous_1)
FNF:1
FNH:0
FNDA:0,(anonymous_1)
DA:1,0
DA:2,0
DA:4,0
DA:5,0
DA:6,0
DA:13,0
DA:14,0
DA:16,0
DA:25,0
LF:9
LH:0
BRDA:18,0,0,0
BRDA:18,0,1,0
BRF:2
BRH:0
end_of_record
TN:
SF:src/components/AddTweetForm/Poll/PollFooter/PollFooter.tsx
FN:10,(anonymous_0)
FNF:1
FNH:0
FNDA:0,(anonymous_0)
DA:1,0
DA:2,0
DA:4,0
DA:10,0
DA:11,0
DA:13,0
DA:22,0
LF:7
LH:0
BRF:0
BRH:0
end_of_record
TN:
SF:src/components/AddTweetForm/Poll/PollInput/PollInput.tsx
FN:14,(anonymous_1)
FN:18,(anonymous_2)
FN:19,(anonymous_3)
FN:34,(anonymous_4)
FNF:4
FNH:0
FNDA:0,(anonymous_1)
FNDA:0,(anonymous_2)
FNDA:0,(anonymous_3)
FNDA:0,(anonymous_4)
DA:1,0
DA:2,0
DA:4,0
DA:5,0
DA:14,0
DA:15,0
DA:16,0
DA:18,0
DA:19,0
DA:21,0
DA:34,0
DA:45,0
LF:12
LH:0
BRDA:24,0,0,0
BRDA:24,0,1,0
BRDA:26,1,0,0
BRDA:26,1,1,0
BRDA:26,2,0,0
BRDA:26,2,1,0
BRDA:26,3,0,0
BRDA:26,3,1,0
BRF:8
BRH:0
end_of_record
TN:
SF:src/components/AddTweetForm/Poll/PollInput/PollInputField.tsx
FN:3,(anonymous_0)
FNF:1
FNH:0
FNDA:0,(anonymous_0)
DA:1,0
DA:3,0
LF:2
LH:0
BRF:0
BRH:0
end_of_record
TN:
SF:src/components/AddTweetForm/Poll/PollInput/PollInputStyles.tsx
FN:3,(anonymous_0)
FN:43,(anonymous_1)
FNF:2
FNH:0
FNDA:0,(anonymous_0)
FNDA:0,(anonymous_1)
DA:1,0
DA:3,0
DA:4,0
DA:43,0
DA:44,0
DA:46,0
LF:6
LH:0
BRF:0
BRH:0
end_of_record
TN:
SF:src/components/AddTweetForm/Poll/PollSelect/PollSelect.tsx
FN:17,(anonymous_0)
FN:41,(anonymous_1)
FNF:2
FNH:0
FNDA:0,(anonymous_0)
FNDA:0,(anonymous_1)
DA:1,0
DA:2,0
DA:4,0
DA:5,0
DA:17,0
DA:28,0
DA:30,0
DA:41,0
DA:51,0
LF:9
LH:0
BRDA:45,0,0,0
BRDA:45,0,1,0
BRDA:45,0,2,0
BRDA:45,0,3,0
BRDA:45,0,4,0
BRF:5
BRH:0
end_of_record
TN:
SF:src/components/AddTweetForm/ProfileAvatar/ProfileAvatar.tsx
FN:10,(anonymous_1)
FNF:1
FNH:0
FNDA:0,(anonymous_1)
DA:1,0
DA:2,0
DA:3,0
DA:4,0
DA:6,0
DA:7,0
DA:8,0
DA:10,0
DA:11,0
DA:12,0
DA:13,0
DA:15,0
DA:22,0
LF:13
LH:0
BRF:0
BRH:0
end_of_record
TN:
SF:src/components/AddTweetForm/Reply/Reply.tsx
FN:17,(anonymous_1)
FN:21,(anonymous_2)
FNF:2
FNH:0
FNDA:0,(anonymous_1)
FNDA:0,(anonymous_2)
DA:1,0
DA:2,0
DA:3,0
DA:5,0
DA:6,0
DA:7,0
DA:8,0
DA:9,0
DA:17,0
DA:18,0
DA:19,0
DA:21,0
DA:22,0
DA:23,0
DA:26,0
DA:56,0
LF:16
LH:0
BRDA:31,0,0,0
BRDA:31,0,1,0
BRDA:32,1,0,0
BRDA:32,1,1,0
BRDA:33,2,0,0
BRDA:33,2,1,0
BRDA:36,3,0,0
BRDA:36,3,1,0
BRDA:37,4,0,0
BRDA:37,4,1,0
BRDA:38,5,0,0
BRDA:38,5,1,0
BRF:12
BRH:0
end_of_record
TN:
SF:src/components/AddTweetForm/Reply/ReplyStyles.tsx
FN:3,(anonymous_0)
FNF:1
FNH:0
FNDA:0,(anonymous_0)
DA:1,0
DA:3,0
LF:2
LH:0
BRF:0
BRH:0
end_of_record
TN:
SF:src/components/AddTweetForm/ScheduleDateInfo/ScheduleDateInfo.tsx
FN:12,(anonymous_0)
FNF:1
FNH:0
FNDA:0,(anonymous_0)
DA:1,0
DA:2,0
DA:4,0
DA:5,0
DA:6,0
DA:12,0
DA:13,0
DA:15,0
DA:29,0
LF:9
LH:0
BRDA:17,0,0,0
BRDA:17,0,1,0
BRF:2
BRH:0
end_of_record
TN:
SF:src/components/AddTweetForm/ScheduleDateInfo/ScheduleDateInfoStyles.ts
FN:3,(anonymous_0)
FNF:1
FNH:0
FNDA:0,(anonymous_0)
DA:1,0
DA:3,0
LF:2
LH:0
BRF:0
BRH:0
end_of_record
TN:
SF:src/components/AddTweetForm/ScheduleIconButton/ScheduleIconButton.tsx
FN:15,(anonymous_1)
FN:26,(anonymous_2)
FN:30,(anonymous_3)
FN:34,(anonymous_4)
FN:39,(anonymous_5)
FNF:5
FNH:0
FNDA:0,(anonymous_1)
FNDA:0,(anonymous_2)
FNDA:0,(anonymous_3)
FNDA:0,(anonymous_4)
FNDA:0,(anonymous_5)
DA:1,0
DA:3,0
DA:4,0
DA:5,0
DA:6,0
DA:15,0
DA:23,0
DA:24,0
DA:26,0
DA:27,0
DA:30,0
DA:31,0
DA:34,0
DA:35,0
DA:36,0
DA:39,0
DA:40,0
DA:41,0
DA:44,0
DA:69,0
LF:20
LH:0
BRF:0
BRH:0
end_of_record
TN:
SF:src/components/AddTweetForm/ScheduleModal/ScheduleModal.tsx
FN:22,(anonymous_1)
FN:43,(anonymous_2)
FN:70,(anonymous_3)
FN:77,(anonymous_4)
FN:83,(anonymous_5)
FN:89,(anonymous_6)
FN:95,(anonymous_7)
FN:101,(anonymous_8)
FN:111,(anonymous_9)
FN:117,(anonymous_10)
FN:121,(anonymous_11)
FN:131,(anonymous_12)
FN:141,(anonymous_13)
FN:151,(anonymous_14)
FN:156,(anonymous_15)
FNF:15
FNH:0
FNDA:0,(anonymous_1)
FNDA:0,(anonymous_2)
FNDA:0,(anonymous_3)
FNDA:0,(anonymous_4)
FNDA:0,(anonymous_5)
FNDA:0,(anonymous_6)
FNDA:0,(anonymous_7)
FNDA:0,(anonymous_8)
FNDA:0,(anonymous_9)
FNDA:0,(anonymous_10)
FNDA:0,(anonymous_11)
FNDA:0,(anonymous_12)
FNDA:0,(anonymous_13)
FNDA:0,(anonymous_14)
FNDA:0,(anonymous_15)
DA:1,0
DA:2,0
DA:3,0
DA:5,0
DA:6,0
DA:7,0
DA:8,0
DA:9,0
DA:10,0
DA:11,0
DA:22,0
DA:32,0
DA:33,0
DA:34,0
DA:35,0
DA:36,0
DA:37,0
DA:38,0
DA:39,0
DA:40,0
DA:41,0
DA:43,0
DA:44,0
DA:45,0
DA:46,0
DA:48,0
DA:49,0
DA:51,0
DA:54,0
DA:55,0
DA:56,0
DA:57,0
DA:58,0
DA:59,0
DA:60,0
DA:61,0
DA:62,0
DA:63,0
DA:64,0
DA:65,0
DA:66,0
DA:70,0
DA:71,0
DA:72,0
DA:73,0
DA:74,0
DA:77,0
DA:78,0
DA:79,0
DA:80,0
DA:83,0
DA:84,0
DA:85,0
DA:86,0
DA:89,0
DA:90,0
DA:91,0
DA:92,0
DA:95,0
DA:96,0
DA:97,0
DA:98,0
DA:101,0
DA:102,0
DA:103,0
DA:104,0
DA:105,0
DA:107,0
DA:111,0
DA:112,0
DA:113,0
DA:114,0
DA:117,0
DA:118,0
DA:121,0
DA:122,0
DA:124,0
DA:125,0
DA:126,0
DA:128,0
DA:131,0
DA:132,0
DA:134,0
DA:135,0
DA:136,0
DA:138,0
DA:141,0
DA:142,0
DA:144,0
DA:145,0
DA:146,0
DA:148,0
DA:151,0
DA:152,0
DA:153,0
DA:156,0
DA:157,0
DA:158,0
DA:161,0
DA:162,0
DA:165,0
DA:324,0
LF:102
LH:0
BRDA:44,0,0,0
BRDA:48,1,0,0
BRDA:48,1,1,0
BRDA:55,2,0,0
BRDA:55,2,1,0
BRDA:56,3,0,0
BRDA:56,3,1,0
BRDA:102,4,0,0
BRDA:102,4,1,0
BRDA:104,5,0,0
BRDA:104,5,1,0
BRDA:125,6,0,0
BRDA:125,6,1,0
BRDA:135,7,0,0
BRDA:135,7,1,0
BRDA:145,8,0,0
BRDA:145,8,1,0
BRDA:161,9,0,0
BRDA:176,10,0,0
BRDA:176,10,1,0
BRDA:231,11,0,0
BRDA:231,11,1,0
BRDA:237,12,0,0
BRDA:237,12,1,0
BRDA:271,13,0,0
BRDA:271,13,1,0
BRF:26
BRH:0
end_of_record
TN:
SF:src/components/AddTweetForm/ScheduleModal/ScheduleModalStyles.tsx
FN:3,(anonymous_0)
FNF:1
FNH:0
FNDA:0,(anonymous_0)
DA:1,0
DA:3,0
LF:2
LH:0
BRF:0
BRH:0
end_of_record
TN:
SF:src/components/AddTweetForm/ScheduleModal/ScheduleFooter/ScheduleFooter.tsx
FN:10,(anonymous_0)
FNF:1
FNH:0
FNDA:0,(anonymous_0)
DA:1,0
DA:2,0
DA:4,0
DA:10,0
DA:11,0
DA:13,0
DA:22,0
LF:7
LH:0
BRF:0
BRH:0
end_of_record
TN:
SF:src/components/AddTweetForm/ScheduleModal/ScheduleTimeZone/ScheduleTimeZone.tsx
FN:6,(anonymous_0)
FNF:1
FNH:0
FNDA:0,(anonymous_0)
DA:1,0
DA:2,0
DA:4,0
DA:6,0
DA:7,0
DA:9,0
DA:21,0
LF:7
LH:0
BRF:0
BRH:0
end_of_record
TN:
SF:src/components/AddTweetForm/ScheduleModal/ScheduleTitle/ScheduleTitle.tsx
FN:15,(anonymous_1)
FNF:1
FNH:0
FNDA:0,(anonymous_1)
DA:1,0
DA:2,0
DA:4,0
DA:5,0
DA:15,0
DA:24,0
DA:26,0
DA:58,0
LF:8
LH:0
BRDA:31,0,0,0
BRDA:31,0,1,0
BRDA:51,1,0,0
BRDA:51,1,1,0
BRF:4
BRH:0
end_of_record
TN:
SF:src/components/AddTweetForm/UnsentTweetsModal/UnsentTweetsModal.tsx
FN:27,(anonymous_1)
FN:39,(anonymous_2)
FN:44,(anonymous_3)
FN:49,(anonymous_4)
FN:53,(anonymous_5)
FN:57,(anonymous_6)
FN:66,(anonymous_7)
FN:71,(anonymous_8)
FN:72,(anonymous_9)
FN:75,(anonymous_10)
FN:81,(anonymous_11)
FN:82,(anonymous_12)
FN:85,(anonymous_13)
FN:89,(anonymous_14)
FN:94,(anonymous_15)
FN:95,(anonymous_16)
FN:98,(anonymous_17)
FN:102,(anonymous_18)
FN:104,(anonymous_19)
FN:105,(anonymous_20)
FN:144,(anonymous_21)
FNF:21
FNH:0
FNDA:0,(anonymous_1)
FNDA:0,(anonymous_2)
FNDA:0,(anonymous_3)
FNDA:0,(anonymous_4)
FNDA:0,(anonymous_5)
FNDA:0,(anonymous_6)
FNDA:0,(anonymous_7)
FNDA:0,(anonymous_8)
FNDA:0,(anonymous_9)
FNDA:0,(anonymous_10)
FNDA:0,(anonymous_11)
FNDA:0,(anonymous_12)
FNDA:0,(anonymous_13)
FNDA:0,(anonymous_14)
FNDA:0,(anonymous_15)
FNDA:0,(anonymous_16)
FNDA:0,(anonymous_17)
FNDA:0,(anonymous_18)
FNDA:0,(anonymous_19)
FNDA:0,(anonymous_20)
FNDA:0,(anonymous_21)
DA:1,0
DA:2,0
DA:4,0
DA:5,0
DA:6,0
DA:8,0
DA:9,0
DA:10,0
DA:11,0
DA:12,0
DA:17,0
DA:18,0
DA:19,0
DA:20,0
DA:27,0
DA:28,0
DA:29,0
DA:30,0
DA:31,0
DA:32,0
DA:33,0
DA:34,0
DA:35,0
DA:36,0
DA:37,0
DA:39,0
DA:40,0
DA:41,0
DA:44,0
DA:45,0
DA:49,0
DA:50,0
DA:53,0
DA:54,0
DA:57,0
DA:58,0
DA:59,0
DA:60,0
DA:62,0
DA:66,0
DA:67,0
DA:68,0
DA:71,0
DA:72,0
DA:74,0
DA:75,0
DA:77,0
DA:81,0
DA:82,0
DA:85,0
DA:86,0
DA:89,0
DA:90,0
DA:91,0
DA:94,0
DA:95,0
DA:98,0
DA:99,0
DA:102,0
DA:103,0
DA:104,0
DA:105,0
DA:106,0
DA:107,0
DA:111,0
DA:112,0
DA:115,0
DA:145,0
DA:204,0
LF:69
LH:0
BRDA:40,0,0,0
BRDA:58,1,0,0
BRDA:58,1,1,0
BRDA:74,2,0,0
BRDA:74,2,1,0
BRDA:103,3,0,0
BRDA:111,4,0,0
BRDA:125,5,0,0
BRDA:125,5,1,0
BRDA:134,6,0,0
BRDA:134,6,1,0
BRDA:134,7,0,0
BRDA:134,7,1,0
BRDA:137,8,0,0
BRDA:137,8,1,0
BRDA:137,9,0,0
BRDA:137,9,1,0
BRDA:139,10,0,0
BRDA:139,10,1,0
BRDA:154,11,0,0
BRDA:154,11,1,0
BRDA:161,12,0,0
BRDA:161,12,1,0
BRDA:164,13,0,0
BRDA:164,13,1,0
BRDA:170,14,0,0
BRDA:170,14,1,0
BRF:27
BRH:0
end_of_record
TN:
SF:src/components/AddTweetForm/UnsentTweetsModal/UnsentTweetsModalStyles.tsx
FN:7,(anonymous_0)
FN:11,(anonymous_1)
FN:21,(anonymous_2)
FNF:3
FNH:0
FNDA:0,(anonymous_0)
FNDA:0,(anonymous_1)
FNDA:0,(anonymous_2)
DA:1,0
DA:7,0
DA:11,0
DA:21,0
LF:4
LH:0
BRDA:11,0,0,0
BRDA:11,0,1,0
BRDA:21,1,0,0
BRDA:21,1,1,0
BRF:4
BRH:0
end_of_record
TN:
SF:src/components/AddTweetForm/UnsentTweetsModal/UnsentTweetItem/UnsentTweetItem.tsx
FN:16,(anonymous_1)
FN:28,(anonymous_2)
FN:31,(anonymous_3)
FNF:3
FNH:0
FNDA:0,(anonymous_1)
FNDA:0,(anonymous_2)
FNDA:0,(anonymous_3)
DA:1,0
DA:2,0
DA:5,0
DA:6,0
DA:16,0
DA:25,0
DA:27,0
DA:28,0
DA:31,0
DA:39,0
LF:10
LH:0
BRDA:29,0,0,0
BRDA:29,0,1,0
BRF:2
BRH:0
end_of_record
TN:
SF:src/components/AddTweetForm/UnsentTweetsModal/UnsentTweetItem/UnsentTweetItemStyle.ts
FN:3,(anonymous_0)
FNF:1
FNH:0
FNDA:0,(anonymous_0)
DA:1,0
DA:3,0
LF:2
LH:0
BRF:0
BRH:0
end_of_record
TN:
SF:src/components/AddTweetForm/UnsentTweetsModal/UnsentTweetItem/UnsentTweetItemInfo/UnsentTweetItemInfo.tsx
FN:15,(anonymous_0)
FNF:1
FNH:0
FNDA:0,(anonymous_0)
DA:1,0
DA:2,0
DA:4,0
DA:5,0
DA:6,0
DA:15,0
DA:16,0
DA:18,0
DA:40,0
LF:9
LH:0
BRDA:30,0,0,0
BRDA:30,0,1,0
BRDA:30,1,0,0
BRDA:30,1,1,0
BRDA:30,2,0,0
BRDA:30,2,1,0
BRDA:32,3,0,0
BRDA:32,3,1,0
BRDA:32,4,0,0
BRDA:32,4,1,0
BRDA:32,5,0,0
BRDA:32,5,1,0
BRDA:32,6,0,0
BRDA:32,6,1,0
BRF:14
BRH:0
end_of_record
TN:
SF:src/components/AddTweetForm/UnsentTweetsModal/UnsentTweetItem/UnsentTweetsHeader/UnsentTweetsHeader.tsx
FN:16,(anonymous_1)
FNF:1
FNH:0
FNDA:0,(anonymous_1)
DA:1,0
DA:2,0
DA:4,0
DA:5,0
DA:16,0
DA:26,0
DA:28,0
DA:57,0
LF:8
LH:0
BRDA:30,0,0,0
BRDA:30,0,1,0
BRDA:31,1,0,0
BRDA:31,1,1,0
BRDA:32,2,0,0
BRDA:32,2,1,0
BRDA:44,3,0,0
BRDA:44,3,1,0
BRDA:50,4,0,0
BRDA:50,4,1,0
BRF:10
BRH:0
end_of_record
TN:
SF:src/components/AddTweetForm/UnsentTweetsModal/UnsentTweetItem/UnsentTweetsHeader/UnsentTweetsHeaderStyles.ts
FN:3,(anonymous_0)
FNF:1
FNH:0
FNDA:0,(anonymous_0)
DA:1,0
DA:3,0
LF:2
LH:0
BRF:0
BRH:0
end_of_record
TN:
SF:src/components/AddTweetForm/UnsentTweetsModal/UnsentTweetItem/UnsentTweetsTab/UnsentTweetsTab.tsx
FN:12,(anonymous_1)
FNF:1
FNH:0
FNDA:0,(anonymous_1)
DA:1,0
DA:2,0
DA:3,0
DA:5,0
DA:12,0
DA:13,0
DA:14,0
DA:24,0
LF:8
LH:0
BRF:0
BRH:0
end_of_record
TN:
SF:src/components/AddTweetForm/UnsentTweetsModal/UnsentTweetItem/UnsentTweetsTab/UnsentTweetsTabStyles.ts
FN:3,(anonymous_0)
FNF:1
FNH:0
FNDA:0,(anonymous_0)
DA:1,0
DA:3,0
LF:2
LH:0
BRF:0
BRH:0
end_of_record
TN:
SF:src/components/AddTweetModal/AddTweetModal.tsx
FN:17,(anonymous_1)
FN:21,(anonymous_2)
FNF:2
FNH:0
FNDA:0,(anonymous_1)
FNDA:0,(anonymous_2)
DA:1,0
DA:2,0
DA:3,0
DA:4,0
DA:6,0
DA:7,0
DA:8,0
DA:9,0
DA:17,0
DA:18,0
DA:19,0
DA:21,0
DA:22,0
DA:25,0
DA:26,0
DA:29,0
DA:39,0
LF:17
LH:0
BRDA:25,0,0,0
BRF:1
BRH:0
end_of_record
TN:
SF:src/components/AddTweetModal/AddTweetModalStyles.tsx
FN:3,(anonymous_0)
FNF:1
FNH:0
FNDA:0,(anonymous_0)
DA:1,0
DA:3,0
LF:2
LH:0
BRF:0
BRH:0
end_of_record
TN:
SF:src/components/BackButton/BackButton.tsx
FN:8,(anonymous_1)
FN:12,(anonymous_2)
FNF:2
FNH:0
FNDA:0,(anonymous_1)
FNDA:0,(anonymous_2)
DA:2,0
DA:4,0
DA:5,0
DA:6,0
DA:8,0
DA:9,0
DA:10,0
DA:12,0
DA:13,0
DA:16,0
DA:23,0
LF:11
LH:0
BRF:0
BRH:0
end_of_record
TN:
SF:src/components/BackButton/BackButtonStyles.tsx
FN:3,(anonymous_0)
FNF:1
FNH:0
FNDA:0,(anonymous_0)
DA:1,0
DA:3,0
LF:2
LH:0
BRF:0
BRH:0
end_of_record
TN:
SF:src/components/BlockUserModal/BlockUserModal.tsx
FN:15,(anonymous_1)
FN:26,(anonymous_2)
FNF:2
FNH:0
FNDA:0,(anonymous_1)
FNDA:0,(anonymous_2)
DA:2,0
DA:3,0
DA:5,0
DA:15,0
DA:24,0
DA:26,0
DA:27,0
DA:30,0
DA:31,0
DA:34,0
DA:81,0
LF:11
LH:0
BRDA:30,0,0,0
BRDA:43,1,0,0
BRDA:43,1,1,0
BRDA:46,2,0,0
BRDA:46,2,1,0
BRDA:56,3,0,0
BRDA:56,3,1,0
BRDA:65,4,0,0
BRDA:65,4,1,0
BRF:9
BRH:0
end_of_record
TN:
SF:src/components/BlockUserModal/BlockUserModalStyles.tsx
FN:3,(anonymous_0)
FNF:1
FNH:0
FNDA:0,(anonymous_0)
DA:1,0
DA:3,0
LF:2
LH:0
BRF:0
BRH:0
end_of_record
TN:
SF:src/components/Buttons/BlockButton/BlockButton.tsx
FN:20,(anonymous_1)
FN:34,(anonymous_2)
FN:39,(anonymous_3)
FN:50,(anonymous_4)
FN:51,(anonymous_5)
FNF:5
FNH:0
FNDA:0,(anonymous_1)
FNDA:0,(anonymous_2)
FNDA:0,(anonymous_3)
FNDA:0,(anonymous_4)
FNDA:0,(anonymous_5)
DA:1,0
DA:2,0
DA:3,0
DA:4,0
DA:6,0
DA:7,0
DA:8,0
DA:9,0
DA:10,0
DA:20,0
DA:29,0
DA:30,0
DA:31,0
DA:32,0
DA:34,0
DA:35,0
DA:36,0
DA:39,0
DA:40,0
DA:41,0
DA:42,0
DA:45,0
DA:50,0
DA:51,0
DA:69,0
LF:25
LH:0
BRDA:41,0,0,0
BRDA:41,0,1,0
BRDA:49,1,0,0
BRDA:49,1,1,0
BRF:4
BRH:0
end_of_record
TN:
SF:src/components/Buttons/BlockButton/BlockButtonStyles.ts
FN:3,(anonymous_0)
FNF:1
FNH:0
FNDA:0,(anonymous_0)
DA:1,0
DA:3,0
LF:2
LH:0
BRF:0
BRH:0
end_of_record
TN:
SF:src/components/Buttons/FollowButton/FollowButton.tsx
FN:14,(anonymous_1)
FN:18,(anonymous_2)
FNF:2
FNH:0
FNDA:0,(anonymous_1)
FNDA:0,(anonymous_2)
DA:2,0
DA:3,0
DA:5,0
DA:6,0
DA:14,0
DA:15,0
DA:16,0
DA:18,0
DA:19,0
DA:21,0
DA:22,0
DA:24,0
DA:28,0
DA:41,0
LF:14
LH:0
BRDA:21,0,0,0
BRDA:21,0,1,0
BRF:2
BRH:0
end_of_record
TN:
SF:src/components/Buttons/FollowButton/FollowButtonStyles.ts
FN:3,(anonymous_0)
FNF:1
FNH:0
FNDA:0,(anonymous_0)
DA:1,0
DA:3,0
LF:2
LH:0
BRF:0
BRH:0
end_of_record
TN:
SF:src/components/Buttons/FullWidthButton/FullWidthButton.tsx
FN:13,(anonymous_0)
FNF:1
FNH:0
FNDA:0,(anonymous_0)
DA:2,0
DA:4,0
DA:13,0
DA:14,0
DA:16,0
DA:30,0
LF:6
LH:0
BRDA:21,0,0,0
BRDA:21,0,1,0
BRDA:21,1,0,0
BRDA:21,1,1,0
BRDA:22,2,0,0
BRDA:22,2,1,0
BRDA:22,3,0,0
BRDA:22,3,1,0
BRF:8
BRH:0
end_of_record
TN:
SF:src/components/Buttons/FullWidthButton/FullWidthButtonStyles.ts
FN:3,(anonymous_0)
FNF:1
FNH:0
FNDA:0,(anonymous_0)
DA:1,0
DA:3,0
LF:2
LH:0
BRF:0
BRH:0
end_of_record
TN:
SF:src/components/Buttons/PendingButton/PendingButton.tsx
FN:13,(anonymous_1)
FN:18,(anonymous_2)
FN:27,(anonymous_3)
FN:28,(anonymous_4)
FNF:4
FNH:0
FNDA:0,(anonymous_1)
FNDA:0,(anonymous_2)
FNDA:0,(anonymous_3)
FNDA:0,(anonymous_4)
DA:1,0
DA:2,0
DA:3,0
DA:5,0
DA:6,0
DA:13,0
DA:14,0
DA:15,0
DA:16,0
DA:18,0
DA:19,0
DA:20,0
DA:23,0
DA:27,0
DA:28,0
DA:38,0
LF:16
LH:0
BRF:0
BRH:0
end_of_record
TN:
SF:src/components/Buttons/PendingButton/PendingButtonStyles.ts
FN:3,(anonymous_0)
FNF:1
FNH:0
FNDA:0,(anonymous_0)
DA:1,0
DA:3,0
LF:2
LH:0
BRF:0
BRH:0
end_of_record
TN:
SF:src/components/Buttons/UnfollowButton/UnfollowButton.tsx
FN:18,(anonymous_1)
FN:32,(anonymous_2)
FN:37,(anonymous_3)
FN:51,(anonymous_4)
FN:52,(anonymous_5)
FNF:5
FNH:0
FNDA:0,(anonymous_1)
FNDA:0,(anonymous_2)
FNDA:0,(anonymous_3)
FNDA:0,(anonymous_4)
FNDA:0,(anonymous_5)
DA:1,0
DA:2,0
DA:3,0
DA:5,0
DA:6,0
DA:7,0
DA:8,0
DA:18,0
DA:27,0
DA:28,0
DA:29,0
DA:30,0
DA:32,0
DA:33,0
DA:34,0
DA:37,0
DA:38,0
DA:39,0
DA:41,0
DA:42,0
DA:46,0
DA:51,0
DA:52,0
DA:69,0
LF:24
LH:0
BRDA:38,0,0,0
BRDA:38,0,1,0
BRDA:50,1,0,0
BRDA:50,1,1,0
BRF:4
BRH:0
end_of_record
TN:
SF:src/components/Buttons/UnfollowButton/UnfollowButtonStyles.ts
FN:3,(anonymous_0)
FNF:1
FNH:0
FNDA:0,(anonymous_0)
DA:1,0
DA:3,0
LF:2
LH:0
BRF:0
BRH:0
end_of_record
TN:
SF:src/components/ChangeReplyWindow/ChangeReplyWindow.tsx
FN:13,(anonymous_0)
FN:30,(anonymous_1)
FN:49,(anonymous_2)
FN:69,(anonymous_3)
FNF:4
FNH:0
FNDA:0,(anonymous_0)
FNDA:0,(anonymous_1)
FNDA:0,(anonymous_2)
FNDA:0,(anonymous_3)
DA:1,0
DA:2,0
DA:4,0
DA:5,0
DA:6,0
DA:13,0
DA:14,0
DA:16,0
DA:30,0
DA:49,0
DA:69,0
DA:91,0
LF:12
LH:0
BRDA:41,0,0,0
BRDA:41,0,1,0
BRDA:60,1,0,0
BRDA:60,1,1,0
BRDA:80,2,0,0
BRDA:80,2,1,0
BRF:6
BRH:0
end_of_record
TN:
SF:src/components/ChangeReplyWindow/ChangeReplyWindowStyles.tsx
FN:3,(anonymous_0)
FNF:1
FNH:0
FNDA:0,(anonymous_0)
DA:1,0
DA:3,0
LF:2
LH:0
BRF:0
BRH:0
end_of_record
TN:
SF:src/components/CloseButton/CloseButton.tsx
FN:11,(anonymous_1)
FNF:1
FNH:0
FNDA:0,(anonymous_1)
DA:3,0
DA:4,0
DA:5,0
DA:11,0
DA:12,0
DA:14,0
DA:21,0
LF:7
LH:0
BRF:0
BRH:0
end_of_record
TN:
SF:src/components/CloseButton/CloseButtonStyles.tsx
FN:3,(anonymous_0)
FNF:1
FNH:0
FNDA:0,(anonymous_0)
DA:1,0
DA:3,0
LF:2
LH:0
BRF:0
BRH:0
end_of_record
TN:
SF:src/components/ConnectToUsers/ConnectToUsers.tsx
FN:17,(anonymous_7)
FN:34,(anonymous_8)
FNF:2
FNH:0
FNDA:0,(anonymous_7)
FNDA:0,(anonymous_8)
DA:2,0
DA:3,0
DA:5,0
DA:6,0
DA:7,0
DA:8,0
DA:17,0
DA:18,0
DA:19,0
DA:21,0
DA:34,0
DA:44,0
LF:12
LH:0
BRDA:23,0,0,0
BRDA:23,0,1,0
BRDA:23,1,0,0
BRDA:23,1,1,0
BRDA:36,2,0,0
BRDA:36,2,1,0
BRF:6
BRH:0
end_of_record
TN:
SF:src/components/ConnectToUsers/ConnectToUsersStyles.tsx
FN:3,(anonymous_0)
FNF:1
FNH:0
FNDA:0,(anonymous_0)
DA:1,0
DA:3,0
LF:2
LH:0
BRF:0
BRH:0
end_of_record
TN:
SF:src/components/DialogTitleComponent/DialogTitleComponent.tsx
FN:14,(anonymous_1)
FNF:1
FNH:0
FNDA:0,(anonymous_1)
DA:2,0
DA:4,0
DA:5,0
DA:14,0
DA:22,0
DA:24,0
DA:35,0
LF:7
LH:0
BRDA:26,0,0,0
BRDA:26,0,1,0
BRF:2
BRH:0
end_of_record
TN:
SF:src/components/DialogTitleComponent/DialogTitleComponentStyles.ts
FN:7,(anonymous_0)
FN:8,(anonymous_1)
FNF:2
FNH:0
FNDA:0,(anonymous_0)
FNDA:0,(anonymous_1)
DA:1,0
DA:7,0
DA:8,0
LF:3
LH:0
BRDA:8,0,0,0
BRDA:8,0,1,0
BRF:2
BRH:0
end_of_record
TN:
SF:src/components/EmptyPageDescription/EmptyPageDescription.tsx
FN:11,(anonymous_0)
FNF:1
FNH:0
FNDA:0,(anonymous_0)
DA:2,0
DA:4,0
DA:11,0
DA:12,0
DA:14,0
DA:26,0
LF:6
LH:0
BRF:0
BRH:0
end_of_record
TN:
SF:src/components/FilledSelect/FilledSelect.tsx
FNF:0
FNH:0
DA:2,0
DA:6,0
LF:2
LH:0
BRF:0
BRH:0
end_of_record
TN:
SF:src/components/FollowListButton/FollowListButton.tsx
FN:13,(anonymous_0)
FN:18,(anonymous_1)
FN:32,(anonymous_2)
FN:33,(anonymous_3)
FN:34,(anonymous_4)
FNF:5
FNH:0
FNDA:0,(anonymous_0)
FNDA:0,(anonymous_1)
FNDA:0,(anonymous_2)
FNDA:0,(anonymous_3)
FNDA:0,(anonymous_4)
DA:1,0
DA:2,0
DA:3,0
DA:5,0
DA:6,0
DA:13,0
DA:14,0
DA:15,0
DA:16,0
DA:18,0
DA:19,0
DA:20,0
DA:22,0
DA:23,0
DA:25,0
DA:29,0
DA:32,0
DA:33,0
DA:34,0
DA:44,0
LF:20
LH:0
BRDA:22,0,0,0
BRDA:22,0,1,0
BRDA:31,1,0,0
BRDA:31,1,1,0
BRDA:35,2,0,0
BRDA:35,2,1,0
BRDA:39,3,0,0
BRDA:39,3,1,0
BRF:8
BRH:0
end_of_record
TN:
SF:src/components/FollowListButton/FollowListButtonStyles.ts
FN:3,(anonymous_0)
FNF:1
FNH:0
FNDA:0,(anonymous_0)
DA:1,0
DA:3,0
LF:2
LH:0
BRF:0
BRH:0
end_of_record
TN:
SF:src/components/FollowerGroup/FollowerGroup.tsx
FN:18,(anonymous_0)
FN:29,(anonymous_1)
FN:39,(anonymous_2)
FNF:3
FNH:0
FNDA:0,(anonymous_0)
FNDA:0,(anonymous_1)
FNDA:0,(anonymous_2)
DA:2,0
DA:3,0
DA:4,0
DA:5,0
DA:7,0
DA:8,0
DA:9,0
DA:11,0
DA:18,0
DA:19,0
DA:20,0
DA:22,0
DA:29,0
DA:40,0
DA:58,0
LF:15
LH:0
BRDA:24,0,0,0
BRDA:24,0,1,0
BRDA:25,1,0,0
BRDA:25,1,1,0
BRDA:25,2,0,0
BRDA:25,2,1,0
BRDA:25,3,0,0
BRDA:25,3,1,0
BRDA:29,4,0,0
BRDA:29,4,1,0
BRDA:29,5,0,0
BRDA:29,5,1,0
BRDA:33,6,0,0
BRDA:33,6,1,0
BRDA:33,7,0,0
BRDA:33,7,1,0
BRDA:39,8,0,0
BRDA:39,8,1,0
BRDA:39,9,0,0
BRDA:39,9,1,0
BRDA:40,10,0,0
BRDA:40,10,1,0
BRDA:42,11,0,0
BRDA:42,11,1,0
BRDA:42,12,0,0
BRDA:42,12,1,0
BRDA:42,13,0,0
BRDA:42,13,1,0
BRDA:42,14,0,0
BRDA:42,14,1,0
BRDA:42,15,0,0
BRDA:42,15,1,0
BRDA:47,16,0,0
BRDA:47,16,1,0
BRF:34
BRH:0
end_of_record
TN:
SF:src/components/FollowerGroup/FollowerGroupStyles.tsx
FN:3,(anonymous_0)
FNF:1
FNH:0
FNDA:0,(anonymous_0)
DA:1,0
DA:3,0
LF:2
LH:0
BRF:0
BRH:0
end_of_record
TN:
SF:src/components/HoverAction/HoverAction.tsx
FN:11,(anonymous_0)
FNF:1
FNH:0
FNDA:0,(anonymous_0)
DA:3,0
DA:11,0
DA:12,0
DA:14,0
DA:15,0
DA:18,0
DA:27,0
LF:7
LH:0
BRDA:14,0,0,0
BRF:1
BRH:0
end_of_record
TN:
SF:src/components/HoverAction/HoverActionStyles.tsx
FN:7,(anonymous_0)
FN:11,(anonymous_1)
FNF:2
FNH:0
FNDA:0,(anonymous_0)
FNDA:0,(anonymous_1)
DA:1,0
DA:7,0
DA:11,0
LF:3
LH:0
BRDA:11,0,0,0
BRDA:11,0,1,0
BRF:2
BRH:0
end_of_record
TN:
SF:src/components/ImageDescription/ImageDescription.tsx
FN:12,(anonymous_0)
FNF:1
FNH:0
FNDA:0,(anonymous_0)
DA:2,0
DA:4,0
DA:5,0
DA:12,0
DA:13,0
DA:14,0
DA:16,0
DA:52,0
LF:8
LH:0
BRF:0
BRH:0
end_of_record
TN:
SF:src/components/ImageDescription/ImageDescriptionStyles.ts
FN:7,(anonymous_0)
FN:15,(anonymous_1)
FNF:2
FNH:0
FNDA:0,(anonymous_0)
FNDA:0,(anonymous_1)
DA:1,0
DA:7,0
DA:15,0
LF:3
LH:0
BRDA:15,0,0,0
BRDA:15,0,1,0
BRF:2
BRH:0
end_of_record
TN:
SF:src/components/ImageList/ImageList.tsx
FN:14,(anonymous_1)
FN:21,(anonymous_2)
FN:26,(anonymous_3)
FNF:3
FNH:0
FNDA:0,(anonymous_1)
FNDA:0,(anonymous_2)
FNDA:0,(anonymous_3)
DA:2,0
DA:3,0
DA:6,0
DA:14,0
DA:15,0
DA:17,0
DA:22,0
DA:26,0
DA:40,0
LF:9
LH:0
BRDA:19,0,0,0
BRDA:19,0,1,0
BRDA:23,1,0,0
BRDA:23,1,1,0
BRF:4
BRH:0
end_of_record
TN:
SF:src/components/ImageList/ImageListStyles.tsx
FN:3,(anonymous_0)
FNF:1
FNH:0
FNDA:0,(anonymous_0)
DA:1,0
DA:3,0
LF:2
LH:0
BRF:0
BRH:0
end_of_record
TN:
SF:src/components/InfiniteScrollWrapper/InfiniteScrollWrapper.tsx
FN:11,(anonymous_1)
FN:21,(anonymous_2)
FN:23,(anonymous_3)
FNF:3
FNH:0
FNDA:0,(anonymous_1)
FNDA:0,(anonymous_2)
FNDA:0,(anonymous_3)
DA:1,0
DA:2,0
DA:11,0
DA:19,0
DA:21,0
DA:22,0
DA:23,0
DA:26,0
DA:40,0
LF:9
LH:0
BRF:0
BRH:0
end_of_record
TN:
SF:src/components/LargeLinkPreview/LargeLinkPreview.tsx
FN:15,(anonymous_0)
FNF:1
FNH:0
FNDA:0,(anonymous_0)
DA:2,0
DA:4,0
DA:5,0
DA:15,0
DA:24,0
DA:25,0
DA:26,0
DA:28,0
DA:48,0
LF:9
LH:0
BRDA:26,0,0,0
BRDA:26,0,1,0
BRF:2
BRH:0
end_of_record
TN:
SF:src/components/LargeLinkPreview/LargeLinkPreviewStyles.tsx
FN:7,(anonymous_0)
FNF:1
FNH:0
FNDA:0,(anonymous_0)
DA:1,0
DA:7,0
LF:2
LH:0
BRF:0
BRH:0
end_of_record
TN:
SF:src/components/LinkWrapper/LinkWrapper.tsx
FN:12,(anonymous_0)
FN:20,(anonymous_1)
FNF:2
FNH:0
FNDA:0,(anonymous_0)
FNDA:0,(anonymous_1)
DA:2,0
DA:4,0
DA:12,0
DA:13,0
DA:14,0
DA:16,0
DA:17,0
DA:19,0
DA:20,0
DA:27,0
LF:10
LH:0
BRDA:16,0,0,0
BRDA:16,0,1,0
BRF:2
BRH:0
end_of_record
TN:
SF:src/components/ListsModal/ListsModal.tsx
FN:24,(anonymous_1)
FN:33,(anonymous_2)
FN:39,(anonymous_3)
FN:43,(anonymous_4)
FN:45,(anonymous_5)
FN:57,(anonymous_6)
FN:59,(anonymous_7)
FN:85,(anonymous_8)
FN:88,(anonymous_9)
FNF:9
FNH:0
FNDA:0,(anonymous_1)
FNDA:0,(anonymous_2)
FNDA:0,(anonymous_3)
FNDA:0,(anonymous_4)
FNDA:0,(anonymous_5)
FNDA:0,(anonymous_6)
FNDA:0,(anonymous_7)
FNDA:0,(anonymous_8)
FNDA:0,(anonymous_9)
DA:1,0
DA:2,0
DA:3,0
DA:5,0
DA:6,0
DA:11,0
DA:13,0
DA:14,0
DA:15,0
DA:16,0
DA:24,0
DA:25,0
DA:26,0
DA:27,0
DA:28,0
DA:29,0
DA:30,0
DA:31,0
DA:33,0
DA:34,0
DA:35,0
DA:39,0
DA:40,0
DA:43,0
DA:44,0
DA:45,0
DA:46,0
DA:51,0
DA:52,0
DA:53,0
DA:54,0
DA:57,0
DA:58,0
DA:59,0
DA:60,0
DA:61,0
DA:64,0
DA:65,0
DA:68,0
DA:86,0
DA:88,0
DA:105,0
LF:42
LH:0
BRDA:34,0,0,0
BRDA:64,1,0,0
BRDA:81,2,0,0
BRDA:81,2,1,0
BRF:4
BRH:0
end_of_record
TN:
SF:src/components/ListsModal/ListsModalStyles.tsx
FN:3,(anonymous_0)
FNF:1
FNH:0
FNDA:0,(anonymous_0)
DA:1,0
DA:3,0
LF:2
LH:0
BRF:0
BRH:0
end_of_record
TN:
SF:src/components/ListsModal/ListsModalItem/ListsModalItem.tsx
FN:13,(anonymous_1)
FNF:1
FNH:0
FNDA:0,(anonymous_1)
DA:1,0
DA:2,0
DA:4,0
DA:5,0
DA:7,0
DA:13,0
DA:14,0
DA:15,0
DA:17,0
DA:29,0
LF:10
LH:0
BRDA:15,0,0,0
BRDA:15,0,1,0
BRDA:15,1,0,0
BRDA:15,1,1,0
BRDA:15,2,0,0
BRDA:15,2,1,0
BRDA:15,3,0,0
BRDA:15,3,1,0
BRDA:15,4,0,0
BRDA:15,4,1,0
BRDA:15,5,0,0
BRDA:15,5,1,0
BRDA:23,6,0,0
BRDA:23,6,1,0
BRDA:23,7,0,0
BRDA:23,7,1,0
BRDA:23,8,0,0
BRDA:23,8,1,0
BRDA:24,9,0,0
BRDA:24,9,1,0
BRF:20
BRH:0
end_of_record
TN:
SF:src/components/LockIcon/LockIcon.tsx
FN:6,(anonymous_0)
FNF:1
FNH:0
FNDA:0,(anonymous_0)
DA:2,0
DA:4,0
DA:6,0
DA:7,0
DA:9,0
DA:12,0
LF:6
LH:0
BRF:0
BRH:0
end_of_record
TN:
SF:src/components/LockIcon/LockIconStyles.ts
FN:3,(anonymous_0)
FNF:1
FNH:0
FNDA:0,(anonymous_0)
DA:1,0
DA:3,0
LF:2
LH:0
BRF:0
BRH:0
end_of_record
TN:
SF:src/components/ModalInput/ModalInput.tsx
FN:13,(anonymous_0)
FN:20,(anonymous_1)
FNF:2
FNH:0
FNDA:0,(anonymous_0)
FNDA:0,(anonymous_1)
DA:2,0
DA:4,0
DA:5,0
DA:13,0
DA:15,0
DA:20,0
DA:33,0
LF:7
LH:0
BRF:0
BRH:0
end_of_record
TN:
SF:src/components/ModalInput/ModalInputWrapper.tsx
FN:5,(anonymous_1)
FN:31,(anonymous_2)
FNF:2
FNH:0
FNDA:0,(anonymous_1)
FNDA:0,(anonymous_2)
DA:1,0
DA:2,0
DA:5,0
DA:6,0
DA:31,0
DA:32,0
DA:34,0
LF:7
LH:0
BRF:0
BRH:0
end_of_record
TN:
SF:src/components/PageHeaderTitle/PageHeaderTitle.tsx
FN:9,(anonymous_0)
FNF:1
FNH:0
FNDA:0,(anonymous_0)
DA:2,0
DA:9,0
DA:10,0
DA:22,0
LF:4
LH:0
BRF:0
BRH:0
end_of_record
TN:
SF:src/components/PageHeaderWrapper/PageHeaderWrapper.tsx
FN:12,(anonymous_1)
FNF:1
FNH:0
FNDA:0,(anonymous_1)
DA:2,0
DA:4,0
DA:5,0
DA:12,0
DA:13,0
DA:15,0
DA:23,0
LF:7
LH:0
BRDA:17,0,0,0
BRDA:17,0,1,0
BRF:2
BRH:0
end_of_record
TN:
SF:src/components/PageWrapper/PageWrapper.tsx
FN:14,(anonymous_1)
FNF:1
FNH:0
FNDA:0,(anonymous_1)
DA:2,0
DA:3,0
DA:5,0
DA:6,0
DA:7,0
DA:14,0
DA:15,0
DA:16,0
DA:18,0
DA:31,0
LF:10
LH:0
BRF:0
BRH:0
end_of_record
TN:
SF:src/components/PageWrapper/PageWrapperStyles.ts
FN:3,(anonymous_0)
FNF:1
FNH:0
FNDA:0,(anonymous_0)
DA:1,0
DA:3,0
LF:2
LH:0
BRF:0
BRH:0
end_of_record
TN:
SF:src/components/PopperUserWindow/PopperUserWindow.tsx
FN:17,(anonymous_1)
FNF:1
FNH:0
FNDA:0,(anonymous_1)
DA:2,0
DA:3,0
DA:5,0
DA:6,0
DA:7,0
DA:8,0
DA:9,0
DA:17,0
DA:24,0
DA:25,0
DA:27,0
DA:28,0
DA:31,0
DA:46,0
LF:14
LH:0
BRDA:27,0,0,0
BRDA:35,1,0,0
BRDA:35,1,1,0
BRDA:36,2,0,0
BRDA:36,2,1,0
BRDA:41,3,0,0
BRDA:41,3,1,0
BRF:7
BRH:0
end_of_record
TN:
SF:src/components/PopperUserWindow/PopperUserWindowStyles.tsx
FN:7,(anonymous_0)
FN:14,(anonymous_1)
FN:21,(anonymous_2)
FNF:3
FNH:0
FNDA:0,(anonymous_0)
FNDA:0,(anonymous_1)
FNDA:0,(anonymous_2)
DA:1,0
DA:7,0
DA:14,0
DA:21,0
LF:4
LH:0
BRDA:14,0,0,0
BRDA:14,0,1,0
BRDA:21,1,0,0
BRDA:21,1,1,0
BRF:4
BRH:0
end_of_record
TN:
SF:src/components/PopperUserWindow/PopperFooter/PopperFooter.tsx
FN:16,(anonymous_1)
FNF:1
FNH:0
FNDA:0,(anonymous_1)
DA:1,0
DA:2,0
DA:3,0
DA:5,0
DA:11,0
DA:12,0
DA:13,0
DA:14,0
DA:16,0
DA:17,0
DA:18,0
DA:19,0
DA:20,0
DA:21,0
DA:23,0
DA:35,0
LF:16
LH:0
BRDA:30,0,0,0
BRDA:30,0,1,0
BRF:2
BRH:0
end_of_record
TN:
SF:src/components/PopperUserWindow/PopperFooter/PopperFooterFollowers.tsx
FN:10,(anonymous_0)
FNF:1
FNH:0
FNDA:0,(anonymous_0)
DA:1,0
DA:2,0
DA:3,0
DA:4,0
DA:6,0
DA:7,0
DA:8,0
DA:10,0
DA:11,0
DA:12,0
DA:13,0
DA:15,0
DA:23,0
LF:13
LH:0
BRF:0
BRH:0
end_of_record
TN:
SF:src/components/PopperUserWindow/PopperFooter/PopperFooterFollowing.tsx
FN:10,(anonymous_0)
FNF:1
FNH:0
FNDA:0,(anonymous_0)
DA:1,0
DA:2,0
DA:3,0
DA:4,0
DA:6,0
DA:7,0
DA:8,0
DA:10,0
DA:11,0
DA:12,0
DA:13,0
DA:15,0
DA:23,0
LF:13
LH:0
BRF:0
BRH:0
end_of_record
TN:
SF:src/components/PopperUserWindow/PopperFooter/PopperFooterStyles.ts
FN:3,(anonymous_0)
FNF:1
FNH:0
FNDA:0,(anonymous_0)
DA:1,0
DA:3,0
LF:2
LH:0
BRF:0
BRH:0
end_of_record
TN:
SF:src/components/PopperUserWindow/PopperHeader/PopperHeader.tsx
FN:25,(anonymous_1)
FNF:1
FNH:0
FNDA:0,(anonymous_1)
DA:1,0
DA:2,0
DA:3,0
DA:4,0
DA:6,0
DA:7,0
DA:8,0
DA:9,0
DA:10,0
DA:11,0
DA:22,0
DA:23,0
DA:25,0
DA:26,0
DA:27,0
DA:28,0
DA:29,0
DA:30,0
DA:31,0
DA:32,0
DA:33,0
DA:34,0
DA:35,0
DA:36,0
DA:38,0
DA:64,0
LF:26
LH:0
BRDA:43,0,0,0
BRDA:43,0,1,0
BRDA:44,1,0,0
BRDA:44,1,1,0
BRDA:45,2,0,0
BRDA:45,2,1,0
BRDA:46,3,0,0
BRDA:46,3,1,0
BRDA:49,4,0,0
BRDA:49,4,1,0
BRF:10
BRH:0
end_of_record
TN:
SF:src/components/PopperUserWindow/PopperHeader/PopperHeaderStyles.ts
FN:3,(anonymous_0)
FNF:1
FNH:0
FNDA:0,(anonymous_0)
DA:1,0
DA:3,0
LF:2
LH:0
BRF:0
BRH:0
end_of_record
TN:
SF:src/components/PopperUserWindow/PopperInfo/PopperInfo.tsx
FN:16,(anonymous_0)
FNF:1
FNH:0
FNDA:0,(anonymous_0)
DA:1,0
DA:2,0
DA:3,0
DA:4,0
DA:6,0
DA:7,0
DA:8,0
DA:14,0
DA:16,0
DA:17,0
DA:18,0
DA:19,0
DA:20,0
DA:21,0
DA:23,0
DA:36,0
LF:16
LH:0
BRDA:28,0,0,0
BRDA:28,0,1,0
BRF:2
BRH:0
end_of_record
TN:
SF:src/components/PopperUserWindow/PopperInfo/PopperInfoStyles.ts
FN:3,(anonymous_0)
FNF:1
FNH:0
FNDA:0,(anonymous_0)
DA:1,0
DA:3,0
LF:2
LH:0
BRF:0
BRH:0
end_of_record
TN:
SF:src/components/ProfileImages/ProfileImages.tsx
FN:11,(anonymous_0)
FN:16,(anonymous_1)
FN:17,(anonymous_2)
FN:40,(anonymous_3)
FN:66,(anonymous_4)
FNF:5
FNH:0
FNDA:0,(anonymous_0)
FNDA:0,(anonymous_1)
FNDA:0,(anonymous_2)
FNDA:0,(anonymous_3)
FNDA:0,(anonymous_4)
DA:2,0
DA:3,0
DA:4,0
DA:6,0
DA:7,0
DA:9,0
DA:11,0
DA:12,0
DA:13,0
DA:14,0
DA:16,0
DA:17,0
DA:18,0
DA:19,0
DA:20,0
DA:21,0
DA:22,0
DA:24,0
DA:26,0
DA:27,0
DA:28,0
DA:29,0
DA:30,0
DA:32,0
DA:34,0
DA:35,0
DA:40,0
DA:41,0
DA:42,0
DA:43,0
DA:44,0
DA:45,0
DA:46,0
DA:47,0
DA:48,0
DA:49,0
DA:50,0
DA:51,0
DA:52,0
DA:56,0
DA:67,0
DA:85,0
LF:42
LH:0
BRDA:18,0,0,0
BRDA:18,0,1,0
BRDA:20,1,0,0
BRDA:20,1,1,0
BRDA:21,2,0,0
BRDA:21,2,1,0
BRDA:26,3,0,0
BRDA:26,3,1,0
BRDA:28,4,0,0
BRDA:28,4,1,0
BRDA:29,5,0,0
BRDA:29,5,1,0
BRDA:34,6,0,0
BRDA:41,7,0,0
BRDA:41,7,1,0
BRDA:43,8,0,0
BRDA:43,8,1,0
BRDA:45,9,0,0
BRDA:45,9,1,0
BRDA:47,10,0,0
BRDA:47,10,1,0
BRDA:49,11,0,0
BRDA:49,11,1,0
BRDA:51,12,0,0
BRDA:58,13,0,0
BRDA:58,13,1,0
BRDA:64,14,0,0
BRDA:64,14,1,0
BRDA:70,15,0,0
BRDA:70,15,1,0
BRDA:70,16,0,0
BRDA:70,16,1,0
BRDA:70,17,0,0
BRDA:70,17,1,0
BRDA:71,18,0,0
BRDA:71,18,1,0
BRDA:71,19,0,0
BRDA:71,19,1,0
BRDA:71,20,0,0
BRDA:71,20,1,0
BRDA:73,21,0,0
BRDA:73,21,1,0
BRDA:73,22,0,0
BRDA:73,22,1,0
BRDA:74,23,0,0
BRDA:74,23,1,0
BRDA:74,24,0,0
BRDA:74,24,1,0
BRDA:74,25,0,0
BRDA:74,25,1,0
BRDA:74,26,0,0
BRDA:74,26,1,0
BRDA:69,27,0,0
BRDA:69,27,1,0
BRDA:69,28,0,0
BRDA:69,28,1,0
BRF:56
BRH:0
end_of_record
TN:
SF:src/components/ProfileImages/ProfileImagesStyles.tsx
FN:7,(anonymous_0)
FN:25,(anonymous_1)
FN:31,(anonymous_2)
FN:36,(anonymous_3)
FN:37,(anonymous_4)
FN:38,(anonymous_5)
FN:39,(anonymous_6)
FN:45,(anonymous_7)
FN:46,(anonymous_8)
FNF:9
FNH:0
FNDA:0,(anonymous_0)
FNDA:0,(anonymous_1)
FNDA:0,(anonymous_2)
FNDA:0,(anonymous_3)
FNDA:0,(anonymous_4)
FNDA:0,(anonymous_5)
FNDA:0,(anonymous_6)
FNDA:0,(anonymous_7)
FNDA:0,(anonymous_8)
DA:1,0
DA:7,0
DA:25,0
DA:31,0
DA:36,0
DA:37,0
DA:38,0
DA:39,0
DA:45,0
DA:46,0
LF:10
LH:0
BRDA:25,0,0,0
BRDA:25,0,1,0
BRDA:31,1,0,0
BRDA:31,1,1,0
BRDA:36,2,0,0
BRDA:36,2,1,0
BRDA:36,3,0,0
BRDA:36,3,1,0
BRDA:37,4,0,0
BRDA:37,4,1,0
BRDA:38,5,0,0
BRDA:38,5,1,0
BRDA:39,6,0,0
BRDA:39,6,1,0
BRDA:45,7,0,0
BRDA:45,7,1,0
BRDA:46,8,0,0
BRDA:46,8,1,0
BRF:18
BRH:0
end_of_record
TN:
SF:src/components/Quote/Quote.tsx
FN:17,(anonymous_1)
FNF:1
FNH:0
FNDA:0,(anonymous_1)
DA:1,0
DA:2,0
DA:3,0
DA:4,0
DA:6,0
DA:7,0
DA:8,0
DA:9,0
DA:11,0
DA:17,0
DA:18,0
DA:20,0
DA:48,0
LF:13
LH:0
BRDA:27,0,0,0
BRDA:27,0,1,0
BRDA:27,1,0,0
BRDA:27,1,1,0
BRF:4
BRH:0
end_of_record
TN:
SF:src/components/Quote/QuoteStyles.tsx
FN:3,(anonymous_0)
FNF:1
FNH:0
FNDA:0,(anonymous_0)
DA:1,0
DA:3,0
LF:2
LH:0
BRF:0
BRH:0
end_of_record
TN:
SF:src/components/QuoteIconButton/QuoteIconButton.tsx
FN:27,(anonymous_1)
FN:45,(anonymous_2)
FN:52,(anonymous_3)
FNF:3
FNH:0
FNDA:0,(anonymous_1)
FNDA:0,(anonymous_2)
FNDA:0,(anonymous_3)
DA:1,0
DA:2,0
DA:3,0
DA:4,0
DA:6,0
DA:7,0
DA:8,0
DA:9,0
DA:11,0
DA:12,0
DA:13,0
DA:14,0
DA:15,0
DA:16,0
DA:27,0
DA:37,0
DA:38,0
DA:39,0
DA:40,0
DA:41,0
DA:42,0
DA:43,0
DA:45,0
DA:46,0
DA:47,0
DA:49,0
DA:52,0
DA:53,0
DA:54,0
DA:57,0
DA:98,0
LF:31
LH:0
BRDA:46,0,0,0
BRDA:46,1,0,0
BRDA:46,1,1,0
BRDA:46,2,0,0
BRDA:46,2,1,0
BRDA:61,3,0,0
BRDA:61,3,1,0
BRDA:62,4,0,0
BRDA:62,4,1,0
BRDA:65,5,0,0
BRDA:65,5,1,0
BRDA:70,6,0,0
BRDA:70,6,1,0
BRDA:76,7,0,0
BRDA:76,7,1,0
BRF:15
BRH:0
end_of_record
TN:
SF:src/components/QuoteIconButton/QuoteIconButtonSyles.tsx
FN:7,(anonymous_0)
FN:11,(anonymous_1)
FN:22,(anonymous_2)
FNF:3
FNH:0
FNDA:0,(anonymous_0)
FNDA:0,(anonymous_1)
FNDA:0,(anonymous_2)
DA:1,0
DA:7,0
DA:11,0
DA:22,0
LF:4
LH:0
BRDA:11,0,0,0
BRDA:11,0,1,0
BRDA:22,1,0,0
BRDA:22,1,1,0
BRF:4
BRH:0
end_of_record
TN:
SF:src/components/QuoteIconButton/QuoteTweetModal/QuoteTweetModal.tsx
FN:16,(anonymous_1)
FNF:1
FNH:0
FNDA:0,(anonymous_1)
DA:2,0
DA:3,0
DA:5,0
DA:6,0
DA:8,0
DA:16,0
DA:17,0
DA:19,0
DA:20,0
DA:23,0
DA:39,0
LF:11
LH:0
BRDA:19,0,0,0
BRF:1
BRH:0
end_of_record
TN:
SF:src/components/QuoteIconButton/QuoteTweetModal/QuoteTweetModalStyles.tsx
FN:3,(anonymous_0)
FNF:1
FNH:0
FNDA:0,(anonymous_0)
DA:1,0
DA:3,0
LF:2
LH:0
BRF:0
BRH:0
end_of_record
TN:
SF:src/components/ReplyModal/ReplyModal.tsx
FN:29,(anonymous_1)
FNF:1
FNH:0
FNDA:0,(anonymous_1)
DA:2,0
DA:3,0
DA:4,0
DA:5,0
DA:6,0
DA:8,0
DA:9,0
DA:10,0
DA:11,0
DA:12,0
DA:14,0
DA:16,0
DA:17,0
DA:29,0
DA:40,0
DA:41,0
DA:43,0
DA:44,0
DA:47,0
DA:107,0
LF:20
LH:0
BRDA:43,0,0,0
BRDA:56,1,0,0
BRDA:56,1,1,0
BRDA:56,2,0,0
BRDA:56,2,1,0
BRDA:76,3,0,0
BRDA:76,3,1,0
BRDA:78,4,0,0
BRDA:78,4,1,0
BRDA:78,5,0,0
BRDA:78,5,1,0
BRDA:78,6,0,0
BRDA:78,6,1,0
BRDA:78,7,0,0
BRDA:78,7,1,0
BRF:15
BRH:0
end_of_record
TN:
SF:src/components/ReplyModal/ReplyModalStyles.tsx
FN:3,(anonymous_0)
FNF:1
FNH:0
FNDA:0,(anonymous_0)
DA:1,0
DA:3,0
LF:2
LH:0
BRF:0
BRH:0
end_of_record
TN:
SF:src/components/SearchTextField/MainSearchTextField.tsx
FN:4,(anonymous_1)
FNF:1
FNH:0
FNDA:0,(anonymous_1)
DA:1,0
DA:2,0
DA:4,0
LF:3
LH:0
BRF:0
BRH:0
end_of_record
TN:
SF:src/components/SearchTextField/SideSearchTextField.tsx
FN:4,(anonymous_1)
FNF:1
FNH:0
FNDA:0,(anonymous_1)
DA:1,0
DA:2,0
DA:4,0
LF:3
LH:0
BRF:0
BRH:0
end_of_record
TN:
SF:src/components/ShareTweetIconButton/ShareTweetIconButton.tsx
FN:31,(anonymous_1)
FN:40,(anonymous_2)
FN:44,(anonymous_3)
FNF:3
FNH:0
FNDA:0,(anonymous_1)
FNDA:0,(anonymous_2)
FNDA:0,(anonymous_3)
DA:1,0
DA:2,0
DA:3,0
DA:4,0
DA:6,0
DA:7,0
DA:8,0
DA:9,0
DA:10,0
DA:11,0
DA:12,0
DA:13,0
DA:17,0
DA:21,0
DA:22,0
DA:23,0
DA:24,0
DA:31,0
DA:32,0
DA:33,0
DA:34,0
DA:35,0
DA:36,0
DA:37,0
DA:38,0
DA:40,0
DA:41,0
DA:42,0
DA:44,0
DA:45,0
DA:49,0
DA:91,0
LF:32
LH:0
BRDA:41,0,0,0
BRDA:55,1,0,0
BRDA:55,1,1,0
BRDA:58,2,0,0
BRDA:58,2,1,0
BRDA:60,3,0,0
BRDA:60,3,1,0
BRF:7
BRH:0
end_of_record
TN:
SF:src/components/ShareTweetIconButton/ShareTweetStyles.tsx
FN:3,(anonymous_0)
FN:9,(anonymous_1)
FN:10,(anonymous_2)
FNF:3
FNH:0
FNDA:0,(anonymous_0)
FNDA:0,(anonymous_1)
FNDA:0,(anonymous_2)
DA:1,0
DA:3,0
DA:9,0
DA:10,0
LF:4
LH:0
BRDA:9,0,0,0
BRDA:9,0,1,0
BRDA:10,1,0,0
BRDA:10,1,1,0
BRF:4
BRH:0
end_of_record
TN:
SF:src/components/ShareTweetIconButton/AddTweetToBookmarksButton/AddTweetToBookmarksButton.tsx
FN:18,(anonymous_0)
FN:28,(anonymous_1)
FNF:2
FNH:0
FNDA:0,(anonymous_0)
FNDA:0,(anonymous_1)
DA:2,0
DA:3,0
DA:4,0
DA:6,0
DA:7,0
DA:8,0
DA:9,0
DA:10,0
DA:18,0
DA:25,0
DA:26,0
DA:28,0
DA:29,0
DA:30,0
DA:32,0
DA:34,0
DA:35,0
DA:38,0
DA:48,0
LF:19
LH:0
BRDA:29,0,0,0
BRDA:29,0,1,0
BRDA:34,1,0,0
BRDA:34,1,1,0
BRDA:42,2,0,0
BRDA:42,2,1,0
BRF:6
BRH:0
end_of_record
TN:
SF:src/components/ShareTweetIconButton/CopyLinkToTweetButton/CopyLinkToTweetButton.tsx
FN:15,(anonymous_1)
FN:19,(anonymous_2)
FNF:2
FNH:0
FNDA:0,(anonymous_1)
FNDA:0,(anonymous_2)
DA:2,0
DA:3,0
DA:4,0
DA:5,0
DA:7,0
DA:8,0
DA:9,0
DA:15,0
DA:16,0
DA:17,0
DA:19,0
DA:20,0
DA:21,0
DA:24,0
DA:38,0
LF:15
LH:0
BRF:0
BRH:0
end_of_record
TN:
SF:src/components/ShareTweetIconButton/SendDirectTweetModal/SendDirectMessageInput.tsx
FN:4,(anonymous_1)
FNF:1
FNH:0
FNDA:0,(anonymous_1)
DA:1,0
DA:2,0
DA:4,0
LF:3
LH:0
BRF:0
BRH:0
end_of_record
TN:
SF:src/components/ShareTweetIconButton/SendDirectTweetModal/SendDirectTweetModal.tsx
FN:35,(anonymous_1)
FN:52,(anonymous_2)
FN:57,(anonymous_3)
FN:62,(anonymous_4)
FN:74,(anonymous_5)
FN:78,(anonymous_6)
FN:85,(anonymous_7)
FN:102,(anonymous_8)
FN:113,(anonymous_9)
FNF:9
FNH:0
FNDA:0,(anonymous_1)
FNDA:0,(anonymous_2)
FNDA:0,(anonymous_3)
FNDA:0,(anonymous_4)
FNDA:0,(anonymous_5)
FNDA:0,(anonymous_6)
FNDA:0,(anonymous_7)
FNDA:0,(anonymous_8)
FNDA:0,(anonymous_9)
DA:1,0
DA:2,0
DA:3,0
DA:4,0
DA:5,0
DA:7,0
DA:8,0
DA:9,0
DA:10,0
DA:11,0
DA:16,0
DA:17,0
DA:19,0
DA:20,0
DA:22,0
DA:23,0
DA:24,0
DA:25,0
DA:26,0
DA:27,0
DA:35,0
DA:42,0
DA:43,0
DA:44,0
DA:45,0
DA:46,0
DA:47,0
DA:48,0
DA:49,0
DA:50,0
DA:52,0
DA:53,0
DA:54,0
DA:57,0
DA:58,0
DA:62,0
DA:63,0
DA:64,0
DA:65,0
DA:66,0
DA:68,0
DA:69,0
DA:70,0
DA:74,0
DA:75,0
DA:78,0
DA:79,0
DA:80,0
DA:81,0
DA:82,0
DA:85,0
DA:86,0
DA:87,0
DA:89,0
DA:93,0
DA:94,0
DA:97,0
DA:103,0
DA:114,0
DA:116,0
DA:139,0
LF:61
LH:0
BRDA:53,0,0,0
BRDA:63,1,0,0
BRDA:63,1,1,0
BRDA:86,2,0,0
BRDA:86,2,1,0
BRDA:93,3,0,0
BRDA:102,4,0,0
BRDA:102,4,1,0
BRDA:113,5,0,0
BRDA:113,5,1,0
BRDA:114,6,0,0
BRDA:114,6,1,0
BRDA:120,7,0,0
BRDA:120,7,1,0
BRDA:122,8,0,0
BRDA:122,8,1,0
BRDA:122,9,0,0
BRDA:122,9,1,0
BRF:18
BRH:0
end_of_record
TN:
SF:src/components/ShareTweetIconButton/SendDirectTweetModal/SendDirectTweetModalStyles.tsx
FN:3,(anonymous_0)
FNF:1
FNH:0
FNDA:0,(anonymous_0)
DA:1,0
DA:3,0
LF:2
LH:0
BRF:0
BRH:0
end_of_record
TN:
SF:src/components/ShareTweetIconButton/SendDirectTweetModal/DirectUserItem/DirectUserItem.tsx
FN:18,(anonymous_1)
FN:40,(anonymous_2)
FNF:2
FNH:0
FNDA:0,(anonymous_1)
FNDA:0,(anonymous_2)
DA:1,0
DA:2,0
DA:4,0
DA:5,0
DA:6,0
DA:8,0
DA:18,0
DA:27,0
DA:28,0
DA:30,0
DA:40,0
DA:65,0
LF:12
LH:0
BRDA:28,0,0,0
BRDA:28,0,1,0
BRDA:28,1,0,0
BRDA:28,1,1,0
BRDA:28,2,0,0
BRDA:28,2,1,0
BRDA:28,3,0,0
BRDA:28,3,1,0
BRDA:34,4,0,0
BRDA:34,4,1,0
BRDA:34,4,2,0
BRDA:34,4,3,0
BRDA:34,4,4,0
BRDA:49,5,0,0
BRDA:49,5,1,0
BRDA:49,6,0,0
BRDA:49,6,1,0
BRDA:51,7,0,0
BRDA:51,7,1,0
BRDA:51,8,0,0
BRDA:51,8,1,0
BRDA:51,9,0,0
BRDA:51,9,1,0
BRDA:54,10,0,0
BRDA:54,10,1,0
BRDA:54,11,0,0
BRDA:54,11,1,0
BRDA:57,12,0,0
BRDA:57,12,1,0
BRF:29
BRH:0
end_of_record
TN:
SF:src/components/ShareTweetIconButton/SendDirectTweetModal/DirectUserItem/DirectUserItemStyles.tsx
FN:3,(anonymous_0)
FNF:1
FNH:0
FNDA:0,(anonymous_0)
DA:1,0
DA:3,0
LF:2
LH:0
BRF:0
BRH:0
end_of_record
TN:
SF:src/components/ShareTweetIconButton/SendViaDirectMessageButton/SendViaDirectMessageButton.tsx
FN:10,(anonymous_0)
FNF:1
FNH:0
FNDA:0,(anonymous_0)
DA:2,0
DA:4,0
DA:10,0
DA:12,0
DA:22,0
LF:5
LH:0
BRF:0
BRH:0
end_of_record
TN:
SF:src/components/SideMenu/SideMenu.tsx
FN:35,(anonymous_1)
FNF:1
FNH:0
FNDA:0,(anonymous_1)
DA:2,0
DA:3,0
DA:4,0
DA:6,0
DA:23,0
DA:24,0
DA:25,0
DA:27,0
DA:28,0
DA:29,0
DA:30,0
DA:31,0
DA:32,0
DA:33,0
DA:35,0
DA:36,0
DA:37,0
DA:39,0
DA:104,0
LF:19
LH:0
BRF:0
BRH:0
end_of_record
TN:
SF:src/components/SideMenu/SideMenuStyles.tsx
FN:3,(anonymous_0)
FNF:1
FNH:0
FNDA:0,(anonymous_0)
DA:1,0
DA:3,0
LF:2
LH:0
BRF:0
BRH:0
end_of_record
TN:
SF:src/components/SideMenu/AddTweetButton/AddTweetButton.tsx
FN:9,(anonymous_1)
FN:12,(anonymous_2)
FN:13,(anonymous_3)
FNF:3
FNH:0
FNDA:0,(anonymous_1)
FNDA:0,(anonymous_2)
FNDA:0,(anonymous_3)
DA:2,0
DA:3,0
DA:5,0
DA:6,0
DA:7,0
DA:9,0
DA:10,0
DA:11,0
DA:12,0
DA:13,0
DA:15,0
DA:32,0
LF:12
LH:0
BRDA:24,0,0,0
BRDA:24,0,1,0
BRDA:25,1,0,0
BRDA:25,1,1,0
BRF:4
BRH:0
end_of_record
TN:
SF:src/components/SideMenu/SideMenuHomeItem/SideMenuHomeItem.tsx
FN:16,(anonymous_1)
FN:21,(anonymous_2)
FNF:2
FNH:0
FNDA:0,(anonymous_1)
FNDA:0,(anonymous_2)
DA:1,0
DA:2,0
DA:4,0
DA:5,0
DA:6,0
DA:7,0
DA:16,0
DA:17,0
DA:18,0
DA:19,0
DA:21,0
DA:22,0
DA:23,0
DA:25,0
DA:29,0
DA:41,0
LF:16
LH:0
BRDA:22,0,0,0
BRDA:22,0,1,0
BRDA:36,1,0,0
BRDA:36,1,1,0
BRF:4
BRH:0
end_of_record
TN:
SF:src/components/SideMenu/SideMenuHomeItem/SideMenuHomeItemStyles.ts
FN:3,(anonymous_0)
FNF:1
FNH:0
FNDA:0,(anonymous_0)
DA:1,0
DA:3,0
LF:2
LH:0
BRF:0
BRH:0
end_of_record
TN:
SF:src/components/SideMenu/SideMenuItem/SideMenuItem.tsx
FN:15,(anonymous_0)
FN:18,(anonymous_1)
FNF:2
FNH:0
FNDA:0,(anonymous_0)
FNDA:0,(anonymous_1)
DA:2,0
DA:3,0
DA:5,0
DA:15,0
DA:16,0
DA:17,0
DA:18,0
DA:20,0
DA:37,0
LF:9
LH:0
BRDA:24,0,0,0
BRDA:24,0,1,0
BRDA:27,1,0,0
BRDA:27,1,1,0
BRF:4
BRH:0
end_of_record
TN:
SF:src/components/SideMenu/SideMenuMessagesItem/SideMenuMessagesItem.tsx
FN:15,(anonymous_1)
FNF:1
FNH:0
FNDA:0,(anonymous_1)
DA:2,0
DA:4,0
DA:5,0
DA:6,0
DA:15,0
DA:16,0
DA:17,0
DA:19,0
DA:35,0
LF:9
LH:0
BRDA:26,0,0,0
BRDA:26,0,1,0
BRF:2
BRH:0
end_of_record
TN:
SF:src/components/SideMenu/SideMenuMoreItem/SideMenuMoreItem.tsx
FN:33,(anonymous_1)
FN:42,(anonymous_2)
FN:44,(anonymous_3)
FN:49,(anonymous_4)
FN:53,(anonymous_5)
FN:58,(anonymous_6)
FNF:6
FNH:0
FNDA:0,(anonymous_1)
FNDA:0,(anonymous_2)
FNDA:0,(anonymous_3)
FNDA:0,(anonymous_4)
FNDA:0,(anonymous_5)
FNDA:0,(anonymous_6)
DA:1,0
DA:2,0
DA:3,0
DA:4,0
DA:5,0
DA:7,0
DA:19,0
DA:20,0
DA:21,0
DA:22,0
DA:23,0
DA:24,0
DA:29,0
DA:30,0
DA:31,0
DA:33,0
DA:34,0
DA:35,0
DA:36,0
DA:37,0
DA:38,0
DA:39,0
DA:40,0
DA:41,0
DA:42,0
DA:44,0
DA:45,0
DA:46,0
DA:49,0
DA:50,0
DA:53,0
DA:54,0
DA:55,0
DA:58,0
DA:59,0
DA:60,0
DA:63,0
DA:166,0
LF:38
LH:0
BRDA:66,0,0,0
BRDA:66,0,1,0
BRDA:84,1,0,0
BRDA:84,1,1,0
BRF:4
BRH:0
end_of_record
TN:
SF:src/components/SideMenu/SideMenuMoreItem/DisplayModal/DisplayModal.tsx
FN:18,(anonymous_0)
FN:31,(anonymous_1)
FN:40,(anonymous_2)
FN:44,(anonymous_3)
FN:48,(anonymous_4)
FN:54,(anonymous_5)
FN:60,(anonymous_6)
FN:65,(anonymous_7)
FN:155,(anonymous_8)
FN:176,(anonymous_9)
FN:197,(anonymous_10)
FNF:11
FNH:0
FNDA:0,(anonymous_0)
FNDA:0,(anonymous_1)
FNDA:0,(anonymous_2)
FNDA:0,(anonymous_3)
FNDA:0,(anonymous_4)
FNDA:0,(anonymous_5)
FNDA:0,(anonymous_6)
FNDA:0,(anonymous_7)
FNDA:0,(anonymous_8)
FNDA:0,(anonymous_9)
FNDA:0,(anonymous_10)
DA:1,0
DA:2,0
DA:3,0
DA:4,0
DA:6,0
DA:7,0
DA:9,0
DA:10,0
DA:11,0
DA:18,0
DA:26,0
DA:27,0
DA:28,0
DA:29,0
DA:31,0
DA:32,0
DA:33,0
DA:34,0
DA:35,0
DA:36,0
DA:40,0
DA:41,0
DA:44,0
DA:45,0
DA:48,0
DA:49,0
DA:50,0
DA:51,0
DA:54,0
DA:55,0
DA:56,0
DA:57,0
DA:60,0
DA:61,0
DA:65,0
DA:76,0
DA:77,0
DA:80,0
DA:155,0
DA:176,0
DA:197,0
DA:232,0
LF:42
LH:0
BRDA:32,0,0,0
BRDA:35,1,0,0
BRDA:35,1,1,0
BRDA:36,2,0,0
BRDA:36,2,1,0
BRDA:67,3,0,0
BRDA:67,3,1,0
BRDA:76,4,0,0
BRF:8
BRH:0
end_of_record
TN:
SF:src/components/SideMenu/SideMenuMoreItem/DisplayModal/DisplayModalStyles.tsx
FN:3,(anonymous_0)
FNF:1
FNH:0
FNDA:0,(anonymous_0)
DA:1,0
DA:3,0
LF:2
LH:0
BRF:0
BRH:0
end_of_record
TN:
SF:src/components/SideMenu/SideMenuMoreItem/FollowerRequestsModal/FollowerRequestsModal.tsx
FN:27,(anonymous_1)
FN:35,(anonymous_2)
FN:39,(anonymous_3)
FN:44,(anonymous_4)
FN:73,(anonymous_5)
FNF:5
FNH:0
FNDA:0,(anonymous_1)
FNDA:0,(anonymous_2)
FNDA:0,(anonymous_3)
FNDA:0,(anonymous_4)
FNDA:0,(anonymous_5)
DA:1,0
DA:2,0
DA:3,0
DA:5,0
DA:6,0
DA:7,0
DA:11,0
DA:16,0
DA:17,0
DA:18,0
DA:19,0
DA:20,0
DA:27,0
DA:28,0
DA:29,0
DA:30,0
DA:31,0
DA:32,0
DA:33,0
DA:35,0
DA:36,0
DA:37,0
DA:39,0
DA:40,0
DA:44,0
DA:45,0
DA:48,0
DA:49,0
DA:52,0
DA:74,0
DA:86,0
LF:31
LH:0
BRDA:36,0,0,0
BRDA:48,1,0,0
BRDA:61,2,0,0
BRDA:61,2,1,0
BRDA:61,3,0,0
BRDA:61,3,1,0
BRDA:64,4,0,0
BRDA:64,4,1,0
BRDA:64,5,0,0
BRDA:64,5,1,0
BRDA:76,6,0,0
BRDA:76,6,1,0
BRF:12
BRH:0
end_of_record
TN:
SF:src/components/SideMenu/SideMenuMoreItem/FollowerRequestsModal/FollowerRequestsModalSyles.tsx
FN:3,(anonymous_0)
FNF:1
FNH:0
FNDA:0,(anonymous_0)
DA:1,0
DA:3,0
LF:2
LH:0
BRF:0
BRH:0
end_of_record
TN:
SF:src/components/SideMenu/SideMenuMoreItem/FollowerRequestsModal/FollowerRequestsItem/FollowerRequestsItem.tsx
FN:19,(anonymous_1)
FN:24,(anonymous_2)
FN:29,(anonymous_3)
FN:35,(anonymous_4)
FNF:4
FNH:0
FNDA:0,(anonymous_1)
FNDA:0,(anonymous_2)
FNDA:0,(anonymous_3)
FNDA:0,(anonymous_4)
DA:1,0
DA:2,0
DA:3,0
DA:4,0
DA:5,0
DA:7,0
DA:9,0
DA:10,0
DA:11,0
DA:12,0
DA:19,0
DA:20,0
DA:21,0
DA:22,0
DA:24,0
DA:25,0
DA:26,0
DA:29,0
DA:30,0
DA:31,0
DA:32,0
DA:35,0
DA:36,0
DA:37,0
DA:38,0
DA:41,0
DA:75,0
LF:27
LH:0
BRDA:26,0,0,0
BRDA:26,0,1,0
BRDA:26,1,0,0
BRDA:26,1,1,0
BRF:4
BRH:0
end_of_record
TN:
SF:src/components/SideMenu/SideMenuMoreItem/FollowerRequestsModal/FollowerRequestsItem/FollowerRequestsItemStyles.tsx
FN:3,(anonymous_0)
FNF:1
FNH:0
FNDA:0,(anonymous_0)
DA:1,0
DA:3,0
LF:2
LH:0
BRF:0
BRH:0
end_of_record
TN:
SF:src/components/SideMenu/SideMenuMoreItem/FollowerRequestsModal/FollowerRequestsItem/UserRequestsAvatar/UserRequestsAvatar.tsx
FN:11,(anonymous_0)
FNF:1
FNH:0
FNDA:0,(anonymous_0)
DA:1,0
DA:2,0
DA:4,0
DA:5,0
DA:11,0
DA:12,0
DA:14,0
DA:17,0
LF:8
LH:0
BRDA:14,0,0,0
BRDA:14,0,1,0
BRDA:14,1,0,0
BRDA:14,1,1,0
BRF:4
BRH:0
end_of_record
TN:
SF:src/components/SideMenu/SideMenuMoreItem/FollowerRequestsModal/FollowerRequestsItem/UserRequestsInfo/UserRequestsInfo.tsx
FN:14,(anonymous_1)
FN:24,(anonymous_2)
FNF:2
FNH:0
FNDA:0,(anonymous_1)
FNDA:0,(anonymous_2)
DA:1,0
DA:2,0
DA:4,0
DA:5,0
DA:6,0
DA:8,0
DA:14,0
DA:15,0
DA:16,0
DA:18,0
DA:24,0
DA:39,0
LF:12
LH:0
BRDA:25,0,0,0
BRDA:25,0,1,0
BRDA:25,1,0,0
BRDA:25,1,1,0
BRDA:28,2,0,0
BRDA:28,2,1,0
BRDA:28,3,0,0
BRDA:28,3,1,0
BRDA:31,4,0,0
BRDA:31,4,1,0
BRDA:31,5,0,0
BRDA:31,5,1,0
BRF:12
BRH:0
end_of_record
TN:
SF:src/components/SideMenu/SideMenuNotificationItem/SideMenuNotificationItem.tsx
FN:15,(anonymous_1)
FNF:1
FNH:0
FNDA:0,(anonymous_1)
DA:2,0
DA:4,0
DA:5,0
DA:6,0
DA:15,0
DA:23,0
DA:24,0
DA:26,0
DA:42,0
LF:9
LH:0
BRDA:33,0,0,0
BRDA:33,0,1,0
BRF:2
BRH:0
end_of_record
TN:
SF:src/components/SideSearch/SideSearchStyles.tsx
FN:3,(anonymous_0)
FNF:1
FNH:0
FNDA:0,(anonymous_0)
DA:1,0
DA:3,0
LF:2
LH:0
BRF:0
BRH:0
end_of_record
TN:
SF:src/components/SideSearch/addToLocalStorage.ts
FN:4,(anonymous_0)
FNF:1
FNH:0
FNDA:0,(anonymous_0)
DA:1,0
DA:4,0
DA:5,0
DA:7,0
DA:8,0
DA:10,0
DA:11,0
DA:16,0
DA:19,0
LF:9
LH:0
BRDA:7,0,0,0
BRDA:7,0,1,0
BRDA:10,1,0,0
BRDA:10,1,1,0
BRF:4
BRH:0
end_of_record
TN:
SF:src/components/SideSearch/RecentSearchResults/RecentSearchResults.tsx
FN:19,(anonymous_1)
FN:29,(anonymous_2)
FN:36,(anonymous_3)
FN:65,(anonymous_4)
FN:68,(anonymous_5)
FN:71,(anonymous_6)
FNF:6
FNH:0
FNDA:0,(anonymous_1)
FNDA:0,(anonymous_2)
FNDA:0,(anonymous_3)
FNDA:0,(anonymous_4)
FNDA:0,(anonymous_5)
FNDA:0,(anonymous_6)
DA:1,0
DA:2,0
DA:3,0
DA:5,0
DA:6,0
DA:7,0
DA:8,0
DA:15,0
DA:16,0
DA:17,0
DA:19,0
DA:20,0
DA:21,0
DA:22,0
DA:23,0
DA:24,0
DA:25,0
DA:26,0
DA:27,0
DA:29,0
DA:30,0
DA:31,0
DA:32,0
DA:36,0
DA:37,0
DA:38,0
DA:41,0
DA:66,0
DA:69,0
DA:72,0
DA:81,0
LF:31
LH:0
BRDA:30,0,0,0
BRDA:43,1,0,0
BRDA:43,1,1,0
BRDA:48,2,0,0
BRDA:48,2,1,0
BRF:5
BRH:0
end_of_record
TN:
SF:src/components/SideSearch/RecentSearchResults/RecentSearchResultsStyles.ts
FN:3,(anonymous_0)
FNF:1
FNH:0
FNDA:0,(anonymous_0)
DA:1,0
DA:3,0
LF:2
LH:0
BRF:0
BRH:0
end_of_record
TN:
SF:src/components/SideSearch/RemoveSearchResultButton/RemoveSearchResultButton.tsx
FN:16,(anonymous_0)
FN:20,(anonymous_1)
FN:24,(anonymous_2)
FNF:3
FNH:0
FNDA:0,(anonymous_0)
FNDA:0,(anonymous_1)
FNDA:0,(anonymous_2)
DA:2,0
DA:3,0
DA:5,0
DA:6,0
DA:7,0
DA:9,0
DA:16,0
DA:17,0
DA:18,0
DA:20,0
DA:21,0
DA:22,0
DA:23,0
DA:24,0
DA:25,0
DA:28,0
DA:35,0
LF:17
LH:0
BRF:0
BRH:0
end_of_record
TN:
SF:src/components/SideSearch/RemoveSearchResultButton/RemoveSearchResultButtonStyles.ts
FN:3,(anonymous_0)
FNF:1
FNH:0
FNDA:0,(anonymous_0)
DA:1,0
DA:3,0
LF:2
LH:0
BRF:0
BRH:0
end_of_record
TN:
SF:src/components/SideSearch/SearchResults/SearchResults.tsx
FN:16,(anonymous_1)
FN:31,(anonymous_2)
FN:32,(anonymous_3)
FNF:3
FNH:0
FNDA:0,(anonymous_1)
FNDA:0,(anonymous_2)
FNDA:0,(anonymous_3)
DA:2,0
DA:3,0
DA:5,0
DA:12,0
DA:13,0
DA:14,0
DA:16,0
DA:17,0
DA:18,0
DA:19,0
DA:20,0
DA:21,0
DA:23,0
DA:31,0
DA:32,0
DA:39,0
LF:16
LH:0
BRDA:25,0,0,0
BRDA:25,0,1,0
BRDA:29,1,0,0
BRDA:29,1,1,0
BRDA:30,2,0,0
BRDA:30,2,1,0
BRDA:30,2,2,0
BRDA:31,3,0,0
BRDA:31,3,1,0
BRDA:31,4,0,0
BRDA:31,4,1,0
BRDA:32,5,0,0
BRDA:32,5,1,0
BRDA:32,6,0,0
BRDA:32,6,1,0
BRF:15
BRH:0
end_of_record
TN:
SF:src/components/SideSearch/TextSearchResult/TextSearchResult.tsx
FN:17,(anonymous_1)
FN:21,(anonymous_2)
FNF:2
FNH:0
FNDA:0,(anonymous_1)
FNDA:0,(anonymous_2)
DA:1,0
DA:2,0
DA:3,0
DA:5,0
DA:6,0
DA:7,0
DA:8,0
DA:9,0
DA:17,0
DA:18,0
DA:19,0
DA:21,0
DA:22,0
DA:23,0
DA:24,0
DA:30,0
DA:50,0
LF:17
LH:0
BRDA:23,0,0,0
BRDA:23,0,1,0
BRDA:26,1,0,0
BRDA:26,1,1,0
BRDA:39,2,0,0
BRDA:39,2,1,0
BRDA:45,3,0,0
BRDA:45,3,1,0
BRDA:45,4,0,0
BRDA:45,4,1,0
BRF:10
BRH:0
end_of_record
TN:
SF:src/components/SideSearch/TextSearchResult/TextSearchResultStyles.ts
FN:3,(anonymous_0)
FNF:1
FNH:0
FNDA:0,(anonymous_0)
DA:1,0
DA:3,0
LF:2
LH:0
BRF:0
BRH:0
end_of_record
TN:
SF:src/components/SideSearch/UserSearchResult/UserSearchResult.tsx
FN:19,(anonymous_1)
FN:24,(anonymous_2)
FNF:2
FNH:0
FNDA:0,(anonymous_1)
FNDA:0,(anonymous_2)
DA:2,0
DA:3,0
DA:4,0
DA:5,0
DA:7,0
DA:8,0
DA:10,0
DA:11,0
DA:12,0
DA:19,0
DA:20,0
DA:21,0
DA:22,0
DA:24,0
DA:25,0
DA:26,0
DA:29,0
DA:47,0
LF:18
LH:0
BRDA:42,0,0,0
BRDA:42,0,1,0
BRF:2
BRH:0
end_of_record
TN:
SF:src/components/SideSearch/UserSearchResult/UserSearchResultStyles.ts
FN:3,(anonymous_0)
FNF:1
FNH:0
FNDA:0,(anonymous_0)
DA:1,0
DA:3,0
LF:2
LH:0
BRF:0
BRH:0
end_of_record
TN:
SF:src/components/SmallLinkPreview/SmallLinkPreview.tsx
FN:16,(anonymous_0)
FN:30,(anonymous_1)
FN:54,(anonymous_2)
FNF:3
FNH:0
FNDA:0,(anonymous_0)
FNDA:0,(anonymous_1)
FNDA:0,(anonymous_2)
DA:2,0
DA:4,0
DA:5,0
DA:16,0
DA:26,0
DA:27,0
DA:28,0
DA:30,0
DA:31,0
DA:32,0
DA:43,0
DA:54,0
DA:55,0
DA:70,0
DA:73,0
LF:15
LH:0
BRDA:28,0,0,0
BRDA:28,0,1,0
BRDA:31,1,0,0
BRDA:31,1,1,0
BRF:4
BRH:0
end_of_record
TN:
SF:src/components/SmallLinkPreview/SmallLinkPreviewStyles.tsx
FN:8,(anonymous_0)
FN:33,(anonymous_1)
FN:60,(anonymous_2)
FNF:3
FNH:0
FNDA:0,(anonymous_0)
FNDA:0,(anonymous_1)
FNDA:0,(anonymous_2)
DA:1,0
DA:8,0
DA:33,0
DA:60,0
LF:4
LH:0
BRDA:33,0,0,0
BRDA:33,0,1,0
BRDA:60,1,0,0
BRDA:60,1,1,0
BRF:4
BRH:0
end_of_record
TN:
SF:src/components/Spinner/Spinner.tsx
FN:9,(anonymous_0)
FNF:1
FNH:0
FNDA:0,(anonymous_0)
DA:3,0
DA:9,0
DA:10,0
DA:12,0
DA:24,0
LF:5
LH:0
BRF:0
BRH:0
end_of_record
TN:
SF:src/components/Spinner/SpinnerStyles.tsx
FN:7,(anonymous_0)
FN:11,(anonymous_1)
FNF:2
FNH:0
FNDA:0,(anonymous_0)
FNDA:0,(anonymous_1)
DA:1,0
DA:7,0
DA:11,0
LF:3
LH:0
BRDA:11,0,0,0
BRDA:11,0,1,0
BRF:2
BRH:0
end_of_record
TN:
SF:src/components/TaggedImageUsers/TaggedImageUsers.tsx
FN:30,(anonymous_7)
FN:39,(anonymous_8)
FN:44,(anonymous_9)
FN:49,(anonymous_10)
FN:73,(anonymous_11)
FNF:5
FNH:0
FNDA:0,(anonymous_7)
FNDA:0,(anonymous_8)
FNDA:0,(anonymous_9)
FNDA:0,(anonymous_10)
FNDA:0,(anonymous_11)
DA:2,0
DA:3,0
DA:4,0
DA:5,0
DA:7,0
DA:8,0
DA:10,0
DA:11,0
DA:12,0
DA:17,0
DA:18,0
DA:19,0
DA:20,0
DA:21,0
DA:22,0
DA:30,0
DA:31,0
DA:32,0
DA:33,0
DA:34,0
DA:35,0
DA:36,0
DA:37,0
DA:39,0
DA:40,0
DA:41,0
DA:44,0
DA:45,0
DA:46,0
DA:49,0
DA:50,0
DA:53,0
DA:74,0
DA:86,0
LF:34
LH:0
BRDA:59,0,0,0
BRDA:59,0,1,0
BRDA:62,1,0,0
BRDA:62,1,1,0
BRDA:69,2,0,0
BRDA:69,2,1,0
BRDA:69,3,0,0
BRDA:69,3,1,0
BRDA:76,4,0,0
BRDA:76,4,1,0
BRF:10
BRH:0
end_of_record
TN:
SF:src/components/TaggedImageUsers/TaggedImageUsersStyles.ts
FN:3,(anonymous_0)
FNF:1
FNH:0
FNDA:0,(anonymous_0)
DA:1,0
DA:3,0
LF:2
LH:0
BRF:0
BRH:0
end_of_record
TN:
SF:src/components/Tags/Tags.tsx
FN:13,(anonymous_1)
FN:30,(anonymous_2)
FNF:2
FNH:0
FNDA:0,(anonymous_1)
FNDA:0,(anonymous_2)
DA:2,0
DA:3,0
DA:4,0
DA:6,0
DA:7,0
DA:8,0
DA:9,0
DA:10,0
DA:11,0
DA:13,0
DA:14,0
DA:15,0
DA:16,0
DA:18,0
DA:30,0
DA:44,0
LF:16
LH:0
BRDA:26,0,0,0
BRDA:26,0,1,0
BRF:2
BRH:0
end_of_record
TN:
SF:src/components/Tags/TagsStyles.tsx
FN:3,(anonymous_0)
FNF:1
FNH:0
FNDA:0,(anonymous_0)
DA:1,0
DA:3,0
LF:2
LH:0
BRF:0
BRH:0
end_of_record
TN:
SF:src/components/Tags/SettingsModal/SettingsModal.tsx
FN:11,(anonymous_1)
FNF:1
FNH:0
FNDA:0,(anonymous_1)
DA:2,0
DA:4,0
DA:5,0
DA:6,0
DA:7,0
DA:8,0
DA:9,0
DA:11,0
DA:12,0
DA:13,0
DA:15,0
DA:38,0
LF:12
LH:0
BRF:0
BRH:0
end_of_record
TN:
SF:src/components/Tags/SettingsModal/SettingsModalItem/SettingsModalItem.tsx
FN:12,(anonymous_0)
FN:28,(anonymous_1)
FN:28,(anonymous_2)
FNF:3
FNH:0
FNDA:0,(anonymous_0)
FNDA:0,(anonymous_1)
FNDA:0,(anonymous_2)
DA:1,0
DA:2,0
DA:4,0
DA:12,0
DA:13,0
DA:14,0
DA:16,0
DA:28,0
DA:38,0
LF:9
LH:0
BRF:0
BRH:0
end_of_record
TN:
SF:src/components/Tags/TagItem/TagItem.tsx
FN:14,(anonymous_0)
FNF:1
FNH:0
FNDA:0,(anonymous_0)
DA:2,0
DA:3,0
DA:5,0
DA:14,0
DA:15,0
DA:31,0
LF:6
LH:0
BRDA:17,0,0,0
BRDA:17,0,1,0
BRDA:17,1,0,0
BRDA:17,1,1,0
BRF:4
BRH:0
end_of_record
TN:
SF:src/components/TweetActionResult/TweetActionResult.tsx
FN:7,(anonymous_1)
FN:18,(anonymous_2)
FN:21,(anonymous_3)
FNF:3
FNH:0
FNDA:0,(anonymous_1)
FNDA:0,(anonymous_2)
FNDA:0,(anonymous_3)
DA:2,0
DA:4,0
DA:5,0
DA:7,0
DA:8,0
DA:9,0
DA:10,0
DA:18,0
DA:19,0
DA:21,0
DA:22,0
DA:23,0
DA:24,0
DA:25,0
DA:27,0
DA:31,0
DA:41,0
LF:17
LH:0
BRDA:7,0,0,0
BRDA:7,0,1,0
BRDA:22,1,0,0
BRDA:22,1,1,0
BRDA:24,2,0,0
BRDA:24,2,1,0
BRF:6
BRH:0
end_of_record
TN:
SF:src/components/TweetActionResult/TweetActionResultStyles.tsx
FN:3,(anonymous_0)
FNF:1
FNH:0
FNDA:0,(anonymous_0)
DA:1,0
DA:3,0
LF:2
LH:0
BRF:0
BRH:0
end_of_record
TN:
SF:src/components/TweetAnalyticsModal/TweetAnalyticsModal.tsx
FN:17,(anonymous_1)
FNF:1
FNH:0
FNDA:0,(anonymous_1)
DA:2,0
DA:3,0
DA:5,0
DA:6,0
DA:7,0
DA:17,0
DA:26,0
DA:28,0
DA:29,0
DA:32,0
DA:103,0
LF:11
LH:0
BRDA:28,0,0,0
BRF:1
BRH:0
end_of_record
TN:
SF:src/components/TweetAnalyticsModal/TweetAnalyticsModalStyles.tsx
FN:3,(anonymous_0)
FNF:1
FNH:0
FNDA:0,(anonymous_0)
DA:1,0
DA:3,0
LF:2
LH:0
BRF:0
BRH:0
end_of_record
TN:
SF:src/components/TweetComponent/TweetComponent.tsx
FN:35,(anonymous_1)
FNF:1
FNH:0
FNDA:0,(anonymous_1)
DA:1,0
DA:2,0
DA:3,0
DA:5,0
DA:6,0
DA:7,0
DA:8,0
DA:9,0
DA:10,0
DA:11,0
DA:13,0
DA:14,0
DA:15,0
DA:16,0
DA:17,0
DA:18,0
DA:19,0
DA:20,0
DA:21,0
DA:22,0
DA:23,0
DA:24,0
DA:25,0
DA:26,0
DA:27,0
DA:35,0
DA:36,0
DA:37,0
DA:38,0
DA:40,0
DA:131,0
LF:31
LH:0
BRDA:37,0,0,0
BRDA:37,0,1,0
BRDA:37,1,0,0
BRDA:37,1,1,0
BRDA:37,2,0,0
BRDA:37,2,1,0
BRDA:37,3,0,0
BRDA:37,3,1,0
BRDA:37,4,0,0
BRDA:37,4,1,0
BRDA:42,5,0,0
BRDA:42,5,1,0
BRDA:42,6,0,0
BRDA:42,6,1,0
BRDA:42,7,0,0
BRDA:42,7,1,0
BRDA:42,8,0,0
BRDA:42,8,1,0
BRDA:44,9,0,0
BRDA:44,9,1,0
BRDA:44,10,0,0
BRDA:44,10,1,0
BRDA:44,11,0,0
BRDA:44,11,1,0
BRDA:44,12,0,0
BRDA:44,12,1,0
BRDA:44,13,0,0
BRDA:44,13,1,0
BRDA:44,14,0,0
BRDA:44,14,1,0
BRDA:48,15,0,0
BRDA:48,15,1,0
BRDA:48,16,0,0
BRDA:48,16,1,0
BRDA:49,17,0,0
BRDA:49,17,1,0
BRDA:49,18,0,0
BRDA:49,18,1,0
BRDA:50,19,0,0
BRDA:50,19,1,0
BRDA:50,20,0,0
BRDA:50,20,1,0
BRDA:51,21,0,0
BRDA:51,21,1,0
BRDA:51,22,0,0
BRDA:51,22,1,0
BRDA:57,23,0,0
BRDA:57,23,1,0
BRDA:57,24,0,0
BRDA:57,24,1,0
BRDA:57,25,0,0
BRDA:57,25,1,0
BRDA:59,26,0,0
BRDA:59,26,1,0
BRDA:59,27,0,0
BRDA:59,27,1,0
BRDA:63,28,0,0
BRDA:63,28,1,0
BRDA:63,29,0,0
BRDA:63,29,1,0
BRDA:63,30,0,0
BRDA:63,30,1,0
BRDA:63,31,0,0
BRDA:63,31,1,0
BRDA:64,32,0,0
BRDA:64,32,1,0
BRDA:64,33,0,0
BRDA:64,33,1,0
BRDA:64,34,0,0
BRDA:64,34,1,0
BRDA:64,35,0,0
BRDA:64,35,1,0
BRDA:64,36,0,0
BRDA:64,36,1,0
BRDA:66,37,0,0
BRDA:66,37,1,0
BRDA:66,38,0,0
BRDA:66,38,1,0
BRDA:67,39,0,0
BRDA:67,39,1,0
BRDA:67,40,0,0
BRDA:67,40,1,0
BRDA:67,41,0,0
BRDA:67,41,1,0
BRDA:67,42,0,0
BRDA:67,42,1,0
BRDA:68,43,0,0
BRDA:68,43,1,0
BRDA:68,44,0,0
BRDA:68,44,1,0
BRDA:69,45,0,0
BRDA:69,45,1,0
BRDA:69,46,0,0
BRDA:69,46,1,0
BRDA:72,47,0,0
BRDA:72,47,1,0
BRDA:72,48,0,0
BRDA:72,48,1,0
BRDA:72,49,0,0
BRDA:72,49,1,0
BRDA:72,50,0,0
BRDA:72,50,1,0
BRDA:72,51,0,0
BRDA:72,51,1,0
BRDA:72,52,0,0
BRDA:72,52,1,0
BRDA:72,53,0,0
BRDA:72,53,1,0
BRDA:73,54,0,0
BRDA:73,54,1,0
BRDA:73,54,2,0
BRDA:73,55,0,0
BRDA:73,55,1,0
BRDA:73,56,0,0
BRDA:73,56,1,0
BRDA:73,57,0,0
BRDA:73,57,1,0
BRDA:73,58,0,0
BRDA:73,58,1,0
BRDA:76,59,0,0
BRDA:76,59,1,0
BRDA:76,60,0,0
BRDA:76,60,1,0
BRDA:76,61,0,0
BRDA:76,61,1,0
BRDA:77,62,0,0
BRDA:77,62,1,0
BRDA:77,63,0,0
BRDA:77,63,1,0
BRDA:77,64,0,0
BRDA:77,64,1,0
BRDA:80,65,0,0
BRDA:80,65,1,0
BRDA:80,66,0,0
BRDA:80,66,1,0
BRDA:84,67,0,0
BRDA:84,67,1,0
BRDA:84,68,0,0
BRDA:84,68,1,0
BRDA:85,69,0,0
BRDA:85,69,1,0
BRDA:85,70,0,0
BRDA:85,70,1,0
BRDA:86,71,0,0
BRDA:86,71,1,0
BRDA:86,72,0,0
BRDA:86,72,1,0
BRDA:87,73,0,0
BRDA:87,73,1,0
BRDA:87,74,0,0
BRDA:87,74,1,0
BRDA:88,75,0,0
BRDA:88,75,1,0
BRDA:88,76,0,0
BRDA:88,76,1,0
BRDA:90,77,0,0
BRDA:90,77,1,0
BRDA:90,78,0,0
BRDA:90,78,1,0
BRDA:90,79,0,0
BRDA:90,79,1,0
BRDA:94,80,0,0
BRDA:94,80,1,0
BRDA:94,81,0,0
BRDA:94,81,1,0
BRDA:95,82,0,0
BRDA:95,82,1,0
BRDA:95,83,0,0
BRDA:95,83,1,0
BRDA:96,84,0,0
BRDA:96,84,1,0
BRDA:96,85,0,0
BRDA:96,85,1,0
BRDA:96,86,0,0
BRDA:96,86,1,0
BRDA:96,87,0,0
BRDA:96,87,1,0
BRDA:97,88,0,0
BRDA:97,88,1,0
BRDA:97,89,0,0
BRDA:97,89,1,0
BRDA:98,90,0,0
BRDA:98,90,1,0
BRDA:98,91,0,0
BRDA:98,91,1,0
BRDA:99,92,0,0
BRDA:99,92,1,0
BRDA:99,93,0,0
BRDA:99,93,1,0
BRDA:103,94,0,0
BRDA:103,94,1,0
BRDA:103,95,0,0
BRDA:103,95,1,0
BRDA:104,96,0,0
BRDA:104,96,1,0
BRDA:104,97,0,0
BRDA:104,97,1,0
BRDA:105,98,0,0
BRDA:105,98,1,0
BRDA:105,99,0,0
BRDA:105,99,1,0
BRDA:106,100,0,0
BRDA:106,100,1,0
BRDA:106,101,0,0
BRDA:106,101,1,0
BRDA:107,102,0,0
BRDA:107,102,1,0
BRDA:107,103,0,0
BRDA:107,103,1,0
BRDA:108,104,0,0
BRDA:108,104,1,0
BRDA:108,105,0,0
BRDA:108,105,1,0
BRDA:111,106,0,0
BRDA:111,106,1,0
BRDA:111,107,0,0
BRDA:111,107,1,0
BRDA:112,108,0,0
BRDA:112,108,1,0
BRDA:112,109,0,0
BRDA:112,109,1,0
BRDA:113,110,0,0
BRDA:113,110,1,0
BRDA:113,111,0,0
BRDA:113,111,1,0
BRDA:116,112,0,0
BRDA:116,112,1,0
BRDA:116,113,0,0
BRDA:116,113,1,0
BRDA:116,114,0,0
BRDA:116,114,1,0
BRDA:118,115,0,0
BRDA:118,115,1,0
BRDA:118,116,0,0
BRDA:118,116,1,0
BRDA:119,117,0,0
BRDA:119,117,1,0
BRDA:119,118,0,0
BRDA:119,118,1,0
BRDA:120,119,0,0
BRDA:120,119,1,0
BRDA:120,120,0,0
BRDA:120,120,1,0
BRF:243
BRH:0
end_of_record
TN:
SF:src/components/TweetComponent/TweetComponentStyles.tsx
FN:7,(anonymous_0)
FN:29,(anonymous_1)
FNF:2
FNH:0
FNDA:0,(anonymous_0)
FNDA:0,(anonymous_1)
DA:1,0
DA:7,0
DA:29,0
LF:3
LH:0
BRDA:29,0,0,0
BRDA:29,0,1,0
BRF:2
BRH:0
end_of_record
TN:
SF:src/components/TweetComponent/AnalyticsIconButton/AnalyticsIconButton.tsx
FN:16,(anonymous_1)
FNF:1
FNH:0
FNDA:0,(anonymous_1)
DA:1,0
DA:3,0
DA:4,0
DA:5,0
DA:6,0
DA:7,0
DA:16,0
DA:24,0
DA:25,0
DA:27,0
DA:46,0
LF:11
LH:0
BRF:0
BRH:0
end_of_record
TN:
SF:src/components/TweetComponent/AnalyticsIconButton/AnalyticsIconButtonStyles.ts
FN:3,(anonymous_0)
FNF:1
FNH:0
FNDA:0,(anonymous_0)
DA:1,0
DA:3,0
LF:2
LH:0
BRF:0
BRH:0
end_of_record
TN:
SF:src/components/TweetComponent/LikeIconButton/LikeIconButton.tsx
FN:16,(anonymous_1)
FN:27,(anonymous_2)
FNF:2
FNH:0
FNDA:0,(anonymous_1)
FNDA:0,(anonymous_2)
DA:1,0
DA:2,0
DA:3,0
DA:5,0
DA:6,0
DA:7,0
DA:8,0
DA:16,0
DA:23,0
DA:24,0
DA:25,0
DA:27,0
DA:28,0
DA:31,0
DA:47,0
LF:15
LH:0
BRDA:34,0,0,0
BRDA:34,0,1,0
BRDA:35,1,0,0
BRDA:35,1,1,0
BRDA:38,2,0,0
BRDA:38,2,1,0
BRF:6
BRH:0
end_of_record
TN:
SF:src/components/TweetComponent/LikeIconButton/LikeIconButtonStyles.ts
FN:7,(anonymous_0)
FN:11,(anonymous_1)
FN:22,(anonymous_2)
FNF:3
FNH:0
FNDA:0,(anonymous_0)
FNDA:0,(anonymous_1)
FNDA:0,(anonymous_2)
DA:1,0
DA:7,0
DA:11,0
DA:22,0
LF:4
LH:0
BRDA:11,0,0,0
BRDA:11,0,1,0
BRDA:22,1,0,0
BRDA:22,1,1,0
BRF:4
BRH:0
end_of_record
TN:
SF:src/components/TweetComponent/ReplyIconButton/ReplyIconButton.tsx
FN:21,(anonymous_1)
FNF:1
FNH:0
FNDA:0,(anonymous_1)
DA:1,0
DA:4,0
DA:5,0
DA:6,0
DA:8,0
DA:9,0
DA:21,0
DA:32,0
DA:33,0
DA:35,0
DA:61,0
LF:11
LH:0
BRDA:43,0,0,0
BRDA:43,0,1,0
BRF:2
BRH:0
end_of_record
TN:
SF:src/components/TweetComponent/ReplyIconButton/ReplyIconButtonStyles.ts
FN:7,(anonymous_0)
FN:11,(anonymous_1)
FN:16,(anonymous_2)
FNF:3
FNH:0
FNDA:0,(anonymous_0)
FNDA:0,(anonymous_1)
FNDA:0,(anonymous_2)
DA:1,0
DA:7,0
DA:11,0
DA:16,0
LF:4
LH:0
BRDA:11,0,0,0
BRDA:11,0,1,0
BRDA:16,1,0,0
BRDA:16,1,1,0
BRF:4
BRH:0
end_of_record
TN:
SF:src/components/TweetComponent/TweetActions/TweetActions.tsx
FN:18,(anonymous_6)
FN:24,(anonymous_7)
FNF:2
FNH:0
FNDA:0,(anonymous_6)
FNDA:0,(anonymous_7)
DA:1,0
DA:2,0
DA:3,0
DA:5,0
DA:10,0
DA:18,0
DA:19,0
DA:20,0
DA:21,0
DA:22,0
DA:23,0
DA:24,0
DA:26,0
DA:41,0
LF:14
LH:0
BRDA:24,0,0,0
BRDA:24,0,1,0
BRDA:24,1,0,0
BRDA:24,1,1,0
BRDA:28,2,0,0
BRDA:28,2,1,0
BRDA:28,3,0,0
BRDA:28,3,1,0
BRDA:31,4,0,0
BRDA:31,4,1,0
BRDA:34,5,0,0
BRDA:34,5,1,0
BRDA:34,5,2,0
BRDA:34,5,3,0
BRF:14
BRH:0
end_of_record
TN:
SF:src/components/TweetComponent/TweetAvatar/TweetAvatar.tsx
FN:13,(anonymous_0)
FNF:1
FNH:0
FNDA:0,(anonymous_0)
DA:1,0
DA:2,0
DA:3,0
DA:5,0
DA:6,0
DA:13,0
DA:14,0
DA:16,0
DA:23,0
LF:9
LH:0
BRF:0
BRH:0
end_of_record
TN:
SF:src/components/TweetComponent/TweetHeader/TweetHeader.tsx
FN:21,(anonymous_1)
FN:36,(anonymous_2)
FNF:2
FNH:0
FNDA:0,(anonymous_1)
FNDA:0,(anonymous_2)
DA:1,0
DA:2,0
DA:4,0
DA:5,0
DA:6,0
DA:7,0
DA:8,0
DA:9,0
DA:10,0
DA:11,0
DA:21,0
DA:30,0
DA:31,0
DA:33,0
DA:36,0
DA:55,0
LF:16
LH:0
BRDA:42,0,0,0
BRDA:42,0,1,0
BRF:2
BRH:0
end_of_record
TN:
SF:src/components/TweetComponent/TweetHeader/TweetHeaderStyles.ts
FN:3,(anonymous_0)
FNF:1
FNH:0
FNDA:0,(anonymous_0)
DA:1,0
DA:3,0
LF:2
LH:0
BRF:0
BRH:0
end_of_record
TN:
SF:src/components/TweetComponent/TweetImage/TweetImage.tsx
FN:17,(anonymous_1)
FNF:1
FNH:0
FNDA:0,(anonymous_1)
DA:1,0
DA:2,0
DA:4,0
DA:5,0
DA:7,0
DA:8,0
DA:17,0
DA:25,0
DA:26,0
DA:27,0
DA:29,0
DA:41,0
LF:12
LH:0
BRDA:32,0,0,0
BRDA:32,0,1,0
BRDA:34,1,0,0
BRDA:34,1,1,0
BRDA:35,2,0,0
BRDA:35,2,1,0
BRDA:35,2,2,0
BRF:7
BRH:0
end_of_record
TN:
SF:src/components/TweetComponent/TweetImage/TweetImageStyles.ts
FN:3,(anonymous_0)
FNF:1
FNH:0
FNDA:0,(anonymous_0)
DA:1,0
DA:3,0
LF:2
LH:0
BRF:0
BRH:0
end_of_record
TN:
SF:src/components/TweetComponent/TweetMedia/TweetMedia.tsx
FN:16,(anonymous_1)
FN:28,(anonymous_2)
FNF:2
FNH:0
FNDA:0,(anonymous_1)
FNDA:0,(anonymous_2)
DA:1,0
DA:3,0
DA:4,0
DA:5,0
DA:6,0
DA:16,0
DA:25,0
DA:26,0
DA:28,0
DA:29,0
DA:32,0
DA:73,0
LF:12
LH:0
BRDA:26,0,0,0
BRDA:26,0,1,0
BRDA:34,1,0,0
BRDA:34,1,1,0
BRDA:35,2,0,0
BRDA:35,2,1,0
BRDA:36,3,0,0
BRDA:36,3,1,0
BRDA:52,4,0,0
BRDA:52,4,1,0
BRF:10
BRH:0
end_of_record
TN:
SF:src/components/TweetComponent/TweetReplyConversation/TweetReplyConversation.tsx
FN:7,(anonymous_0)
FNF:1
FNH:0
FNDA:0,(anonymous_0)
DA:1,0
DA:2,0
DA:4,0
DA:5,0
DA:7,0
DA:8,0
DA:10,0
DA:26,0
LF:8
LH:0
BRF:0
BRH:0
end_of_record
TN:
SF:src/components/TweetComponent/TweetReplyConversation/TweetReplyConversationStyles.ts
FN:3,(anonymous_0)
FNF:1
FNH:0
FNDA:0,(anonymous_0)
DA:1,0
DA:3,0
LF:2
LH:0
BRF:0
BRH:0
end_of_record
TN:
SF:src/components/TweetComponent/TweetReplyingUsername/TweetReplyingUsername.tsx
FN:12,(anonymous_0)
FNF:1
FNH:0
FNDA:0,(anonymous_0)
DA:1,0
DA:2,0
DA:3,0
DA:5,0
DA:12,0
DA:15,0
DA:27,0
LF:7
LH:0
BRF:0
BRH:0
end_of_record
TN:
SF:src/components/TweetComponent/TweetText/TweetText.tsx
FN:14,(anonymous_0)
FNF:1
FNH:0
FNDA:0,(anonymous_0)
DA:1,0
DA:2,0
DA:3,0
DA:5,0
DA:6,0
DA:7,0
DA:14,0
DA:15,0
DA:17,0
DA:26,0
LF:10
LH:0
BRF:0
BRH:0
end_of_record
TN:
SF:src/components/TweetComponent/TweetText/TweetTextStyles.ts
FN:3,(anonymous_0)
FNF:1
FNH:0
FNDA:0,(anonymous_0)
DA:1,0
DA:3,0
LF:2
LH:0
BRF:0
BRH:0
end_of_record
TN:
SF:src/components/TweetComponentActions/TweetComponentActions.tsx
FN:49,(anonymous_1)
FN:70,(anonymous_2)
FN:74,(anonymous_3)
FN:79,(anonymous_4)
FN:82,(anonymous_5)
FN:85,(anonymous_6)
FN:91,(anonymous_7)
FN:92,(anonymous_8)
FN:95,(anonymous_9)
FN:96,(anonymous_10)
FN:99,(anonymous_11)
FN:103,(anonymous_12)
FNF:12
FNH:0
FNDA:0,(anonymous_1)
FNDA:0,(anonymous_2)
FNDA:0,(anonymous_3)
FNDA:0,(anonymous_4)
FNDA:0,(anonymous_5)
FNDA:0,(anonymous_6)
FNDA:0,(anonymous_7)
FNDA:0,(anonymous_8)
FNDA:0,(anonymous_9)
FNDA:0,(anonymous_10)
FNDA:0,(anonymous_11)
FNDA:0,(anonymous_12)
DA:1,0
DA:2,0
DA:3,0
DA:4,0
DA:6,0
DA:7,0
DA:8,0
DA:9,0
DA:10,0
DA:11,0
DA:12,0
DA:13,0
DA:14,0
DA:15,0
DA:16,0
DA:17,0
DA:18,0
DA:19,0
DA:20,0
DA:24,0
DA:37,0
DA:38,0
DA:39,0
DA:40,0
DA:41,0
DA:49,0
DA:50,0
DA:51,0
DA:52,0
DA:53,0
DA:54,0
DA:55,0
DA:56,0
DA:57,0
DA:58,0
DA:59,0
DA:60,0
DA:61,0
DA:62,0
DA:63,0
DA:64,0
DA:65,0
DA:66,0
DA:67,0
DA:68,0
DA:70,0
DA:71,0
DA:72,0
DA:74,0
DA:75,0
DA:79,0
DA:80,0
DA:82,0
DA:85,0
DA:86,0
DA:87,0
DA:91,0
DA:92,0
DA:95,0
DA:96,0
DA:99,0
DA:100,0
DA:103,0
DA:104,0
DA:107,0
DA:108,0
DA:109,0
DA:110,0
DA:112,0
DA:114,0
DA:115,0
DA:116,0
DA:119,0
DA:215,0
LF:74
LH:0
BRDA:71,0,0,0
BRDA:86,1,0,0
BRDA:86,2,0,0
BRDA:86,2,1,0
BRDA:107,3,0,0
BRDA:107,3,1,0
BRDA:109,4,0,0
BRDA:109,4,1,0
BRDA:124,5,0,0
BRDA:124,5,1,0
BRDA:126,6,0,0
BRDA:126,6,1,0
BRDA:130,7,0,0
BRDA:130,7,1,0
BRDA:157,8,0,0
BRDA:157,8,1,0
BRDA:201,9,0,0
BRDA:201,9,1,0
BRF:18
BRH:0
end_of_record
TN:
SF:src/components/TweetComponentActions/TweetComponentActionsStyles.tsx
FN:3,(anonymous_0)
FN:7,(anonymous_1)
FNF:2
FNH:0
FNDA:0,(anonymous_0)
FNDA:0,(anonymous_1)
DA:1,0
DA:3,0
DA:7,0
LF:3
LH:0
BRDA:7,0,0,0
BRDA:7,0,1,0
BRF:2
BRH:0
end_of_record
TN:
SF:src/components/TweetComponentActions/AddToListButton/AddToListButton.tsx
FN:13,(anonymous_1)
FNF:1
FNH:0
FNDA:0,(anonymous_1)
DA:1,0
DA:2,0
DA:4,0
DA:5,0
DA:6,0
DA:13,0
DA:14,0
DA:16,0
DA:29,0
LF:9
LH:0
BRF:0
BRH:0
end_of_record
TN:
SF:src/components/TweetComponentActions/BlockUserButton/BlockUserButton.tsx
FN:18,(anonymous_1)
FN:29,(anonymous_2)
FNF:2
FNH:0
FNDA:0,(anonymous_1)
FNDA:0,(anonymous_2)
DA:1,0
DA:2,0
DA:3,0
DA:5,0
DA:6,0
DA:7,0
DA:8,0
DA:9,0
DA:18,0
DA:26,0
DA:27,0
DA:29,0
DA:30,0
DA:31,0
DA:32,0
DA:35,0
DA:54,0
LF:17
LH:0
BRDA:31,0,0,0
BRDA:31,0,1,0
BRDA:38,1,0,0
BRDA:38,1,1,0
BRDA:40,2,0,0
BRDA:40,2,1,0
BRF:6
BRH:0
end_of_record
TN:
SF:src/components/TweetComponentActions/ChangeReplyButton/ChangeReplyButton.tsx
FN:10,(anonymous_0)
FNF:1
FNH:0
FNDA:0,(anonymous_0)
DA:1,0
DA:2,0
DA:4,0
DA:10,0
DA:12,0
DA:22,0
LF:6
LH:0
BRF:0
BRH:0
end_of_record
TN:
SF:src/components/TweetComponentActions/DeleteTweetButton/DeleteTweetButton.tsx
FN:18,(anonymous_1)
FN:28,(anonymous_2)
FNF:2
FNH:0
FNDA:0,(anonymous_1)
FNDA:0,(anonymous_2)
DA:1,0
DA:2,0
DA:3,0
DA:5,0
DA:6,0
DA:7,0
DA:8,0
DA:9,0
DA:10,0
DA:18,0
DA:25,0
DA:26,0
DA:28,0
DA:29,0
DA:30,0
DA:32,0
DA:34,0
DA:35,0
DA:36,0
DA:39,0
DA:57,0
LF:21
LH:0
BRDA:29,0,0,0
BRDA:29,0,1,0
BRF:2
BRH:0
end_of_record
TN:
SF:src/components/TweetComponentActions/FollowUserButton/FollowUserButton.tsx
FN:15,(anonymous_0)
FN:25,(anonymous_1)
FNF:2
FNH:0
FNDA:0,(anonymous_0)
FNDA:0,(anonymous_1)
DA:1,0
DA:2,0
DA:3,0
DA:5,0
DA:6,0
DA:15,0
DA:23,0
DA:25,0
DA:26,0
DA:27,0
DA:29,0
DA:33,0
DA:43,0
LF:13
LH:0
BRDA:26,0,0,0
BRDA:26,0,1,0
BRDA:35,1,0,0
BRDA:35,1,1,0
BRDA:37,2,0,0
BRDA:37,2,1,0
BRF:6
BRH:0
end_of_record
TN:
SF:src/components/TweetComponentActions/MuteUserButton/MuteUserButton.tsx
FN:16,(anonymous_0)
FN:26,(anonymous_1)
FNF:2
FNH:0
FNDA:0,(anonymous_0)
FNDA:0,(anonymous_1)
DA:1,0
DA:2,0
DA:3,0
DA:5,0
DA:6,0
DA:7,0
DA:16,0
DA:24,0
DA:26,0
DA:27,0
DA:28,0
DA:31,0
DA:41,0
LF:13
LH:0
BRDA:28,0,0,0
BRDA:28,0,1,0
BRDA:33,1,0,0
BRDA:33,1,1,0
BRDA:35,2,0,0
BRDA:35,2,1,0
BRF:6
BRH:0
end_of_record
TN:
SF:src/components/TweetComponentActions/PinTweetButton/PinTweetButton.tsx
FN:17,(anonymous_1)
FN:23,(anonymous_2)
FNF:2
FNH:0
FNDA:0,(anonymous_1)
FNDA:0,(anonymous_2)
DA:1,0
DA:2,0
DA:3,0
DA:5,0
DA:6,0
DA:7,0
DA:8,0
DA:9,0
DA:10,0
DA:17,0
DA:18,0
DA:19,0
DA:20,0
DA:21,0
DA:23,0
DA:24,0
DA:25,0
DA:26,0
DA:28,0
DA:30,0
DA:31,0
DA:34,0
DA:57,0
LF:23
LH:0
BRDA:25,0,0,0
BRDA:25,0,1,0
BRDA:39,1,0,0
BRDA:39,1,1,0
BRF:4
BRH:0
end_of_record
TN:
SF:src/components/TweetComponentActions/TweetActivityButton/TweetActivityButton.tsx
FN:14,(anonymous_1)
FNF:1
FNH:0
FNDA:0,(anonymous_1)
DA:1,0
DA:2,0
DA:4,0
DA:5,0
DA:6,0
DA:14,0
DA:15,0
DA:17,0
DA:36,0
LF:9
LH:0
BRF:0
BRH:0
end_of_record
TN:
SF:src/components/TweetComponentActions/TweetComponentActionsModal/TweetComponentActionsModal.tsx
FN:17,(anonymous_1)
FNF:1
FNH:0
FNDA:0,(anonymous_1)
DA:2,0
DA:3,0
DA:4,0
DA:5,0
DA:7,0
DA:17,0
DA:26,0
DA:28,0
DA:87,0
LF:9
LH:0
BRDA:33,0,0,0
BRDA:33,0,1,0
BRDA:36,1,0,0
BRDA:36,1,1,0
BRDA:44,2,0,0
BRDA:44,2,1,0
BRDA:48,3,0,0
BRDA:48,3,1,0
BRDA:65,4,0,0
BRDA:65,4,1,0
BRDA:74,5,0,0
BRDA:74,5,1,0
BRDA:77,6,0,0
BRDA:77,6,1,0
BRF:14
BRH:0
end_of_record
TN:
SF:src/components/TweetComponentActions/TweetComponentActionsModal/TweetComponentActionsModalStyles.tsx
FN:3,(anonymous_0)
FN:6,(anonymous_1)
FNF:2
FNH:0
FNDA:0,(anonymous_0)
FNDA:0,(anonymous_1)
DA:1,0
DA:3,0
DA:6,0
LF:3
LH:0
BRDA:6,0,0,0
BRDA:6,0,1,0
BRF:2
BRH:0
[...]
DA:23,0
DA:25,0
DA:26,0
DA:27,0
DA:28,0
DA:29,0
DA:31,0
DA:35,0
DA:36,0
DA:37,0
DA:38,0
DA:40,0
DA:44,0
DA:45,0
DA:46,0
DA:47,0
DA:48,0
DA:50,0
DA:54,0
DA:55,0
DA:56,0
DA:57,0
DA:58,0
DA:60,0
DA:64,0
DA:65,0
DA:66,0
DA:67,0
DA:68,0
LF:35
LH:0
BRF:0
BRH:0
end_of_record
TN:
SF:src/store/ducks/userProfile/selectors.ts
FN:5,(anonymous_0)
FN:6,(anonymous_1)
FN:7,(anonymous_2)
FN:8,(anonymous_3)
FN:9,(anonymous_4)
FN:11,(anonymous_5)
FN:12,(anonymous_6)
FN:13,(anonymous_7)
FN:14,(anonymous_8)
FN:15,(anonymous_9)
FN:16,(anonymous_10)
FN:17,(anonymous_11)
FN:18,(anonymous_12)
FN:19,(anonymous_13)
FN:20,(anonymous_14)
FN:21,(anonymous_15)
FN:22,(anonymous_16)
FN:23,(anonymous_17)
FN:24,(anonymous_18)
FN:26,(anonymous_19)
FN:27,(anonymous_20)
FN:28,(anonymous_21)
FN:29,(anonymous_22)
FN:30,(anonymous_23)
FN:31,(anonymous_24)
FN:32,(anonymous_25)
FN:33,(anonymous_26)
FN:35,(anonymous_27)
FN:36,(anonymous_28)
FN:37,(anonymous_29)
FN:40,(anonymous_30)
FN:41,(anonymous_31)
FN:42,(anonymous_32)
FNF:33
FNH:0
FNDA:0,(anonymous_0)
FNDA:0,(anonymous_1)
FNDA:0,(anonymous_2)
FNDA:0,(anonymous_3)
FNDA:0,(anonymous_4)
FNDA:0,(anonymous_5)
FNDA:0,(anonymous_6)
FNDA:0,(anonymous_7)
FNDA:0,(anonymous_8)
FNDA:0,(anonymous_9)
FNDA:0,(anonymous_10)
FNDA:0,(anonymous_11)
FNDA:0,(anonymous_12)
FNDA:0,(anonymous_13)
FNDA:0,(anonymous_14)
FNDA:0,(anonymous_15)
FNDA:0,(anonymous_16)
FNDA:0,(anonymous_17)
FNDA:0,(anonymous_18)
FNDA:0,(anonymous_19)
FNDA:0,(anonymous_20)
FNDA:0,(anonymous_21)
FNDA:0,(anonymous_22)
FNDA:0,(anonymous_23)
FNDA:0,(anonymous_24)
FNDA:0,(anonymous_25)
FNDA:0,(anonymous_26)
FNDA:0,(anonymous_27)
FNDA:0,(anonymous_28)
FNDA:0,(anonymous_29)
FNDA:0,(anonymous_30)
FNDA:0,(anonymous_31)
FNDA:0,(anonymous_32)
DA:3,0
DA:5,0
DA:6,0
DA:7,0
DA:8,0
DA:9,0
DA:11,0
DA:12,0
DA:13,0
DA:14,0
DA:15,0
DA:16,0
DA:17,0
DA:18,0
DA:19,0
DA:20,0
DA:21,0
DA:22,0
DA:23,0
DA:24,0
DA:26,0
DA:27,0
DA:28,0
DA:29,0
DA:30,0
DA:31,0
DA:32,0
DA:33,0
DA:35,0
DA:36,0
DA:37,0
DA:40,0
DA:41,0
DA:42,0
LF:34
LH:0
BRDA:11,0,0,0
BRDA:11,0,1,0
BRDA:11,1,0,0
BRDA:11,1,1,0
BRDA:12,2,0,0
BRDA:12,2,1,0
BRDA:12,3,0,0
BRDA:12,3,1,0
BRDA:13,4,0,0
BRDA:13,4,1,0
BRDA:13,5,0,0
BRDA:13,5,1,0
BRDA:14,6,0,0
BRDA:14,6,1,0
BRDA:14,7,0,0
BRDA:14,7,1,0
BRDA:15,8,0,0
BRDA:15,8,1,0
BRDA:15,9,0,0
BRDA:15,9,1,0
BRDA:16,10,0,0
BRDA:16,10,1,0
BRDA:16,11,0,0
BRDA:16,11,1,0
BRDA:17,12,0,0
BRDA:17,12,1,0
BRDA:17,13,0,0
BRDA:17,13,1,0
BRDA:18,14,0,0
BRDA:18,14,1,0
BRDA:18,15,0,0
BRDA:18,15,1,0
BRDA:19,16,0,0
BRDA:19,16,1,0
BRDA:19,17,0,0
BRDA:19,17,1,0
BRDA:20,18,0,0
BRDA:20,18,1,0
BRDA:20,19,0,0
BRDA:20,19,1,0
BRDA:21,20,0,0
BRDA:21,20,1,0
BRDA:21,21,0,0
BRDA:21,21,1,0
BRDA:22,22,0,0
BRDA:22,22,1,0
BRDA:22,23,0,0
BRDA:22,23,1,0
BRDA:23,24,0,0
BRDA:23,24,1,0
BRDA:23,25,0,0
BRDA:23,25,1,0
BRDA:24,26,0,0
BRDA:24,26,1,0
BRDA:24,27,0,0
BRDA:24,27,1,0
BRDA:26,28,0,0
BRDA:26,28,1,0
BRDA:26,29,0,0
BRDA:26,29,1,0
BRDA:27,30,0,0
BRDA:27,30,1,0
BRDA:27,31,0,0
BRDA:27,31,1,0
BRDA:28,32,0,0
BRDA:28,32,1,0
BRDA:28,33,0,0
BRDA:28,33,1,0
BRDA:29,34,0,0
BRDA:29,34,1,0
BRDA:29,35,0,0
BRDA:29,35,1,0
BRDA:30,36,0,0
BRDA:30,36,1,0
BRDA:30,37,0,0
BRDA:30,37,1,0
BRDA:31,38,0,0
BRDA:31,38,1,0
BRDA:31,39,0,0
BRDA:31,39,1,0
BRDA:32,40,0,0
BRDA:32,40,1,0
BRDA:32,41,0,0
BRDA:32,41,1,0
BRDA:33,42,0,0
BRDA:33,42,1,0
BRDA:33,43,0,0
BRDA:33,43,1,0
BRDA:35,44,0,0
BRDA:35,44,1,0
BRDA:35,45,0,0
BRDA:35,45,1,0
BRDA:36,46,0,0
BRDA:36,46,1,0
BRDA:36,47,0,0
BRDA:36,47,1,0
BRDA:37,48,0,0
BRDA:37,48,1,0
BRDA:37,49,0,0
BRDA:37,49,1,0
BRF:100
BRH:0
end_of_record
TN:
SF:src/store/ducks/userProfile/contracts/actionTypes.ts
FN:7,(anonymous_0)
FNF:1
FNH:0
FNDA:0,(anonymous_0)
DA:7,0
DA:8,0
DA:9,0
DA:10,0
DA:11,0
DA:12,0
DA:13,0
DA:14,0
DA:15,0
DA:16,0
DA:17,0
DA:18,0
DA:20,0
DA:21,0
DA:22,0
DA:23,0
LF:16
LH:0
BRDA:7,0,0,0
BRDA:7,0,1,0
BRF:2
BRH:0
end_of_record
TN:
SF:src/store/ducks/userTweets/actionCreators.ts
FN:29,(anonymous_0)
FN:34,(anonymous_1)
FN:39,(anonymous_2)
FN:44,(anonymous_3)
FN:49,(anonymous_4)
FN:53,(anonymous_5)
FN:58,(anonymous_6)
FN:63,(anonymous_7)
FN:68,(anonymous_8)
FN:73,(anonymous_9)
FN:78,(anonymous_10)
FN:83,(anonymous_11)
FN:88,(anonymous_12)
FN:93,(anonymous_13)
FN:98,(anonymous_14)
FNF:15
FNH:0
FNDA:0,(anonymous_0)
FNDA:0,(anonymous_1)
FNDA:0,(anonymous_2)
FNDA:0,(anonymous_3)
FNDA:0,(anonymous_4)
FNDA:0,(anonymous_5)
FNDA:0,(anonymous_6)
FNDA:0,(anonymous_7)
FNDA:0,(anonymous_8)
FNDA:0,(anonymous_9)
FNDA:0,(anonymous_10)
FNDA:0,(anonymous_11)
FNDA:0,(anonymous_12)
FNDA:0,(anonymous_13)
FNDA:0,(anonymous_14)
DA:2,0
DA:29,0
DA:34,0
DA:39,0
DA:44,0
DA:49,0
DA:53,0
DA:58,0
DA:63,0
DA:68,0
DA:73,0
DA:78,0
DA:83,0
DA:88,0
DA:93,0
DA:98,0
LF:16
LH:0
BRF:0
BRH:0
end_of_record
TN:
SF:src/store/ducks/userTweets/reducer.ts
FN:14,(anonymous_1)
FN:25,(anonymous_2)
FN:28,(anonymous_3)
FN:41,(anonymous_4)
FN:44,(anonymous_5)
FN:58,(anonymous_6)
FN:61,(anonymous_7)
FN:74,(anonymous_8)
FN:93,(anonymous_9)
FN:102,(anonymous_10)
FN:111,(anonymous_11)
FN:117,(anonymous_12)
FN:122,(anonymous_13)
FNF:13
FNH:0
FNDA:0,(anonymous_1)
FNDA:0,(anonymous_2)
FNDA:0,(anonymous_3)
FNDA:0,(anonymous_4)
FNDA:0,(anonymous_5)
FNDA:0,(anonymous_6)
FNDA:0,(anonymous_7)
FNDA:0,(anonymous_8)
FNDA:0,(anonymous_9)
FNDA:0,(anonymous_10)
FNDA:0,(anonymous_11)
FNDA:0,(anonymous_12)
FNDA:0,(anonymous_13)
DA:1,0
DA:4,0
DA:5,0
DA:8,0
DA:14,0
DA:16,0
DA:18,0
DA:19,0
DA:20,0
DA:21,0
DA:24,0
DA:25,0
DA:26,0
DA:28,0
DA:29,0
DA:30,0
DA:31,0
DA:33,0
DA:37,0
DA:40,0
DA:41,0
DA:42,0
DA:44,0
DA:45,0
DA:46,0
DA:47,0
DA:49,0
DA:53,0
DA:54,0
DA:57,0
DA:58,0
DA:59,0
DA:61,0
DA:62,0
DA:63,0
DA:64,0
DA:66,0
DA:70,0
DA:71,0
DA:74,0
DA:75,0
DA:76,0
DA:77,0
DA:80,0
DA:81,0
DA:82,0
DA:83,0
DA:86,0
DA:87,0
DA:88,0
DA:91,0
DA:92,0
DA:93,0
DA:94,0
DA:95,0
DA:96,0
DA:100,0
DA:101,0
DA:102,0
DA:103,0
DA:104,0
DA:105,0
DA:109,0
DA:110,0
DA:111,0
DA:112,0
DA:114,0
DA:117,0
DA:118,0
DA:119,0
DA:122,0
DA:123,0
DA:126,0
DA:127,0
DA:130,0
LF:75
LH:0
BRDA:16,0,0,0
BRDA:16,0,1,0
BRDA:16,0,2,0
BRDA:16,0,3,0
BRDA:16,0,4,0
BRDA:16,0,5,0
BRDA:16,0,6,0
BRDA:16,0,7,0
BRDA:16,0,8,0
BRDA:16,0,9,0
BRDA:16,0,10,0
BRDA:16,0,11,0
BRDA:24,1,0,0
BRDA:24,1,1,0
BRDA:26,2,0,0
BRDA:29,3,0,0
BRDA:29,3,1,0
BRDA:40,4,0,0
BRDA:40,4,1,0
BRDA:42,5,0,0
BRDA:45,6,0,0
BRDA:45,6,1,0
BRDA:57,7,0,0
BRDA:57,7,1,0
BRDA:59,8,0,0
BRDA:62,9,0,0
BRDA:62,9,1,0
BRDA:75,10,0,0
BRDA:91,11,0,0
BRDA:91,11,1,0
BRDA:94,12,0,0
BRDA:96,13,0,0
BRDA:96,13,1,0
BRDA:100,14,0,0
BRDA:100,14,1,0
BRDA:103,15,0,0
BRDA:105,16,0,0
BRDA:105,16,1,0
BRDA:109,17,0,0
BRDA:112,18,0,0
BRDA:118,19,0,0
BRF:41
BRH:0
end_of_record
TN:
SF:src/store/ducks/userTweets/sagas.ts
FN:19,fetchUserTweetsRequest
FN:29,fetchUserLikedTweetsRequest
FN:39,fetchUserMediaTweetsRequest
FN:49,fetchUserRetweetsAndRepliesRequest
FN:59,userTweetsSaga
FNF:5
FNH:0
FNDA:0,fetchUserTweetsRequest
FNDA:0,fetchUserLikedTweetsRequest
FNDA:0,fetchUserMediaTweetsRequest
FNDA:0,fetchUserRetweetsAndRepliesRequest
FNDA:0,userTweetsSaga
DA:1,0
DA:4,0
DA:5,0
DA:13,0
DA:14,0
DA:15,0
DA:16,0
DA:17,0
DA:19,0
DA:20,0
DA:21,0
DA:22,0
DA:23,0
DA:25,0
DA:29,0
DA:30,0
DA:31,0
DA:32,0
DA:33,0
DA:35,0
DA:39,0
DA:40,0
DA:41,0
DA:42,0
DA:43,0
DA:45,0
DA:49,0
DA:50,0
DA:51,0
DA:52,0
DA:53,0
DA:55,0
DA:59,0
DA:60,0
DA:61,0
DA:62,0
DA:63,0
LF:37
LH:0
BRF:0
BRH:0
end_of_record
TN:
SF:src/store/ducks/userTweets/selectors.ts
FN:5,(anonymous_0)
FN:6,(anonymous_1)
FN:7,(anonymous_2)
FN:8,(anonymous_3)
FN:9,(anonymous_4)
FN:11,(anonymous_5)
FNF:6
FNH:0
FNDA:0,(anonymous_0)
FNDA:0,(anonymous_1)
FNDA:0,(anonymous_2)
FNDA:0,(anonymous_3)
FNDA:0,(anonymous_4)
FNDA:0,(anonymous_5)
DA:3,0
DA:5,0
DA:6,0
DA:7,0
DA:8,0
DA:9,0
DA:11,0
LF:7
LH:0
BRF:0
BRH:0
end_of_record
TN:
SF:src/store/ducks/userTweets/contracts/actionTypes.ts
FN:13,(anonymous_0)
FNF:1
FNH:0
FNDA:0,(anonymous_0)
DA:13,0
DA:14,0
DA:15,0
DA:16,0
DA:17,0
DA:18,0
DA:19,0
DA:20,0
DA:21,0
DA:22,0
DA:23,0
DA:24,0
DA:25,0
DA:26,0
DA:27,0
DA:28,0
LF:16
LH:0
BRDA:13,0,0,0
BRDA:13,0,1,0
BRF:2
BRH:0
end_of_record
TN:
SF:src/store/ducks/users/actionCreators.ts
FN:25,(anonymous_0)
FN:30,(anonymous_1)
FN:35,(anonymous_2)
FN:40,(anonymous_3)
FN:45,(anonymous_4)
FN:50,(anonymous_5)
FN:55,(anonymous_6)
FN:60,(anonymous_7)
FN:65,(anonymous_8)
FN:69,(anonymous_9)
FN:73,(anonymous_10)
FNF:11
FNH:0
FNDA:0,(anonymous_0)
FNDA:0,(anonymous_1)
FNDA:0,(anonymous_2)
FNDA:0,(anonymous_3)
FNDA:0,(anonymous_4)
FNDA:0,(anonymous_5)
FNDA:0,(anonymous_6)
FNDA:0,(anonymous_7)
FNDA:0,(anonymous_8)
FNDA:0,(anonymous_9)
FNDA:0,(anonymous_10)
DA:1,0
DA:25,0
DA:30,0
DA:35,0
DA:40,0
DA:45,0
DA:50,0
DA:55,0
DA:60,0
DA:65,0
DA:69,0
DA:73,0
LF:12
LH:0
BRF:0
BRH:0
end_of_record
TN:
SF:src/store/ducks/users/reducer.ts
FN:13,(anonymous_1)
FN:27,(anonymous_2)
FN:33,(anonymous_3)
FN:39,(anonymous_4)
FN:45,(anonymous_5)
FNF:5
FNH:0
FNDA:0,(anonymous_1)
FNDA:0,(anonymous_2)
FNDA:0,(anonymous_3)
FNDA:0,(anonymous_4)
FNDA:0,(anonymous_5)
DA:1,0
DA:4,0
DA:5,0
DA:7,0
DA:13,0
DA:14,0
DA:16,0
DA:17,0
DA:18,0
DA:21,0
DA:22,0
DA:23,0
DA:24,0
DA:27,0
DA:28,0
DA:29,0
DA:30,0
DA:33,0
DA:34,0
DA:35,0
DA:36,0
DA:39,0
DA:40,0
DA:41,0
DA:42,0
DA:45,0
DA:47,0
DA:48,0
DA:51,0
DA:52,0
DA:53,0
DA:54,0
DA:57,0
DA:58,0
DA:61,0
LF:35
LH:0
BRDA:14,0,0,0
BRDA:14,0,1,0
BRDA:14,0,2,0
BRDA:14,0,3,0
BRDA:14,0,4,0
BRDA:14,0,5,0
BRDA:14,0,6,0
BRDA:14,0,7,0
BRDA:14,0,8,0
BRDA:28,1,0,0
BRDA:34,2,0,0
BRDA:40,3,0,0
BRF:12
BRH:0
end_of_record
TN:
SF:src/store/ducks/users/sagas.ts
FN:11,fetchUsersRequest
FN:24,fetchRelevantUsersRequest
FN:34,usersSaga
FNF:3
FNH:0
FNDA:0,fetchUsersRequest
FNDA:0,fetchRelevantUsersRequest
FNDA:0,usersSaga
DA:1,0
DA:4,0
DA:5,0
DA:6,0
DA:8,0
DA:9,0
DA:11,0
DA:12,0
DA:13,0
DA:14,0
DA:15,0
DA:20,0
DA:24,0
DA:25,0
DA:26,0
DA:27,0
DA:28,0
DA:30,0
DA:34,0
DA:35,0
DA:36,0
LF:21
LH:0
BRF:0
BRH:0
end_of_record
TN:
SF:src/store/ducks/users/selectors.ts
FN:5,(anonymous_0)
FN:6,(anonymous_1)
FN:7,(anonymous_2)
FN:8,(anonymous_3)
FNF:4
FNH:0
FNDA:0,(anonymous_0)
FNDA:0,(anonymous_1)
FNDA:0,(anonymous_2)
FNDA:0,(anonymous_3)
DA:3,0
DA:5,0
DA:6,0
DA:7,0
DA:8,0
LF:5
LH:0
BRF:0
BRH:0
end_of_record
TN:
SF:src/store/ducks/users/contracts/actionTypes.ts
FN:12,(anonymous_0)
FNF:1
FNH:0
FNDA:0,(anonymous_0)
DA:12,0
DA:13,0
DA:14,0
DA:15,0
DA:16,0
DA:17,0
DA:18,0
DA:19,0
DA:20,0
DA:21,0
DA:22,0
DA:23,0
LF:12
LH:0
BRDA:12,0,0,0
BRDA:12,0,1,0
BRF:2
BRH:0
end_of_record
TN:
SF:src/store/ducks/usersSearch/actionCreators.ts
FN:27,(anonymous_0)
FN:32,(anonymous_1)
FN:37,(anonymous_2)
FN:42,(anonymous_3)
FN:47,(anonymous_4)
FN:52,(anonymous_5)
FN:57,(anonymous_6)
FN:62,(anonymous_7)
FN:67,(anonymous_8)
FN:72,(anonymous_9)
FN:77,(anonymous_10)
FN:82,(anonymous_11)
FN:86,(anonymous_12)
FNF:13
FNH:0
FNDA:0,(anonymous_0)
FNDA:0,(anonymous_1)
FNDA:0,(anonymous_2)
FNDA:0,(anonymous_3)
FNDA:0,(anonymous_4)
FNDA:0,(anonymous_5)
FNDA:0,(anonymous_6)
FNDA:0,(anonymous_7)
FNDA:0,(anonymous_8)
FNDA:0,(anonymous_9)
FNDA:0,(anonymous_10)
FNDA:0,(anonymous_11)
FNDA:0,(anonymous_12)
DA:1,0
DA:27,0
DA:32,0
DA:37,0
DA:42,0
DA:47,0
DA:52,0
DA:57,0
DA:62,0
DA:67,0
DA:72,0
DA:77,0
DA:82,0
DA:86,0
LF:14
LH:0
BRF:0
BRH:0
end_of_record
TN:
SF:src/store/ducks/usersSearch/reducer.ts
FN:14,(anonymous_1)
FN:34,(anonymous_2)
FN:36,(anonymous_3)
FN:42,(anonymous_4)
FN:44,(anonymous_5)
FN:50,(anonymous_6)
FN:52,(anonymous_7)
FNF:7
FNH:0
FNDA:0,(anonymous_1)
FNDA:0,(anonymous_2)
FNDA:0,(anonymous_3)
FNDA:0,(anonymous_4)
FNDA:0,(anonymous_5)
FNDA:0,(anonymous_6)
FNDA:0,(anonymous_7)
DA:1,0
DA:4,0
DA:5,0
DA:7,0
DA:14,0
DA:15,0
DA:17,0
DA:18,0
DA:19,0
DA:22,0
DA:23,0
DA:24,0
DA:25,0
DA:28,0
DA:29,0
DA:30,0
DA:31,0
DA:34,0
DA:35,0
DA:36,0
DA:37,0
DA:38,0
DA:39,0
DA:42,0
DA:43,0
DA:44,0
DA:45,0
DA:46,0
DA:47,0
DA:50,0
DA:51,0
DA:52,0
DA:53,0
DA:54,0
DA:55,0
DA:58,0
DA:59,0
DA:60,0
DA:61,0
DA:62,0
DA:65,0
DA:66,0
DA:69,0
LF:43
LH:0
BRDA:15,0,0,0
BRDA:15,0,1,0
BRDA:15,0,2,0
BRDA:15,0,3,0
BRDA:15,0,4,0
BRDA:15,0,5,0
BRDA:15,0,6,0
BRDA:15,0,7,0
BRDA:15,0,8,0
BRDA:35,1,0,0
BRDA:37,2,0,0
BRDA:43,3,0,0
BRDA:45,4,0,0
BRDA:51,5,0,0
BRDA:53,6,0,0
BRF:15
BRH:0
end_of_record
TN:
SF:src/store/ducks/usersSearch/sagas.ts
FN:20,fetchUsersSearchRequest
FN:33,fetchUsersSearchByUsernameRequest
FN:46,fetchParticipantsByUsernameRequest
FN:59,fetchFollowersRequest
FN:72,fetchFollowingsRequest
FN:85,usersSearchSaga
FNF:6
FNH:0
FNDA:0,fetchUsersSearchRequest
FNDA:0,fetchUsersSearchByUsernameRequest
FNDA:0,fetchParticipantsByUsernameRequest
FNDA:0,fetchFollowersRequest
FNDA:0,fetchFollowingsRequest
FNDA:0,usersSearchSaga
DA:1,0
DA:4,0
DA:12,0
DA:13,0
DA:15,0
DA:16,0
DA:17,0
DA:18,0
DA:20,0
DA:21,0
DA:22,0
DA:23,0
DA:24,0
DA:29,0
DA:33,0
DA:34,0
DA:35,0
DA:36,0
DA:37,0
DA:42,0
DA:46,0
DA:47,0
DA:48,0
DA:49,0
DA:50,0
DA:55,0
DA:59,0
DA:60,0
DA:61,0
DA:62,0
DA:63,0
DA:68,0
DA:72,0
DA:73,0
DA:74,0
DA:75,0
DA:76,0
DA:81,0
DA:85,0
DA:86,0
DA:87,0
DA:88,0
DA:89,0
DA:90,0
LF:44
LH:0
BRF:0
BRH:0
end_of_record
TN:
SF:src/store/ducks/usersSearch/selectors.ts
FN:5,(anonymous_0)
FN:6,(anonymous_1)
FN:7,(anonymous_2)
FN:8,(anonymous_3)
FN:9,(anonymous_4)
FNF:5
FNH:0
FNDA:0,(anonymous_0)
FNDA:0,(anonymous_1)
FNDA:0,(anonymous_2)
FNDA:0,(anonymous_3)
FNDA:0,(anonymous_4)
DA:3,0
DA:5,0
DA:6,0
DA:7,0
DA:8,0
DA:9,0
LF:6
LH:0
BRF:0
BRH:0
end_of_record
TN:
SF:src/store/ducks/usersSearch/contracts/actionTypes.ts
FN:12,(anonymous_0)
FNF:1
FNH:0
FNDA:0,(anonymous_0)
DA:12,0
DA:13,0
DA:14,0
DA:15,0
DA:16,0
DA:17,0
DA:18,0
DA:19,0
DA:20,0
DA:21,0
DA:22,0
DA:23,0
DA:24,0
DA:25,0
LF:14
LH:0
BRDA:12,0,0,0
BRDA:12,0,1,0
BRF:2
BRH:0
end_of_record
TN:
SF:src/types/common.ts
FN:6,(anonymous_0)
FN:14,(anonymous_1)
FN:23,(anonymous_2)
FN:34,(anonymous_3)
FN:40,(anonymous_4)
FN:46,(anonymous_5)
FNF:6
FNH:6
FNDA:1,(anonymous_0)
FNDA:1,(anonymous_1)
FNDA:1,(anonymous_2)
FNDA:1,(anonymous_3)
FNDA:1,(anonymous_4)
FNDA:1,(anonymous_5)
DA:6,1
DA:7,1
DA:8,1
DA:9,1
DA:10,1
DA:11,1
DA:14,1
DA:15,1
DA:16,1
DA:17,1
DA:18,1
DA:19,1
DA:20,1
DA:23,1
DA:24,1
DA:25,1
DA:26,1
DA:34,1
DA:35,1
DA:36,1
DA:37,1
DA:40,1
DA:41,1
DA:42,1
DA:43,1
DA:46,1
DA:47,1
DA:48,1
DA:49,1
DA:50,1
DA:51,1
DA:52,1
LF:32
LH:32
BRDA:6,0,0,1
BRDA:6,0,1,1
BRDA:14,1,0,1
BRDA:14,1,1,1
BRDA:23,2,0,1
BRDA:23,2,1,1
BRDA:34,3,0,1
BRDA:34,3,1,1
BRDA:40,4,0,1
BRDA:40,4,1,1
BRDA:46,5,0,1
BRDA:46,5,1,1
BRF:12
BRH:12
end_of_record
TN:
SF:src/types/topic.ts
FN:9,(anonymous_0)
FNF:1
FNH:1
FNDA:1,(anonymous_0)
DA:9,1
DA:10,1
DA:11,1
DA:12,1
DA:13,1
DA:14,1
DA:15,1
DA:16,1
DA:17,1
DA:18,1
DA:19,1
DA:20,1
DA:21,1
DA:22,1
LF:14
LH:14
BRDA:9,0,0,1
BRDA:9,0,1,1
BRF:2
BRH:2
end_of_record
TN:
SF:src/util/country-code-helper.ts
FN:1,(anonymous_0)
FN:2,(anonymous_1)
FN:7,(anonymous_2)
FN:8,(anonymous_3)
FN:13,(anonymous_4)
FN:14,(anonymous_5)
FNF:6
FNH:0
FNDA:0,(anonymous_0)
FNDA:0,(anonymous_1)
FNDA:0,(anonymous_2)
FNDA:0,(anonymous_3)
FNDA:0,(anonymous_4)
FNDA:0,(anonymous_5)
DA:1,0
DA:2,0
DA:4,0
DA:7,0
DA:8,0
DA:10,0
DA:13,0
DA:14,0
DA:16,0
DA:19,0
LF:10
LH:0
BRDA:4,0,0,0
BRDA:4,0,1,0
BRDA:10,1,0,0
BRDA:10,1,1,0
BRDA:16,2,0,0
BRDA:16,2,1,0
BRF:6
BRH:0
end_of_record
TN:
SF:src/util/format-date-helper.ts
FN:17,(anonymous_1)
FN:21,(anonymous_2)
FN:25,(anonymous_3)
FN:49,(anonymous_4)
FNF:4
FNH:0
FNDA:0,(anonymous_1)
FNDA:0,(anonymous_2)
FNDA:0,(anonymous_3)
FNDA:0,(anonymous_4)
DA:1,0
DA:2,0
DA:3,0
DA:4,0
DA:5,0
DA:6,0
DA:7,0
DA:8,0
DA:9,0
DA:10,0
DA:11,0
DA:12,0
DA:13,0
DA:14,0
DA:17,0
DA:18,0
DA:21,0
DA:22,0
DA:25,0
DA:26,0
DA:28,0
DA:30,0
DA:32,0
DA:34,0
DA:36,0
DA:38,0
DA:40,0
DA:42,0
DA:44,0
DA:46,0
DA:49,0
DA:50,0
DA:51,0
DA:52,0
DA:54,0
DA:55,0
DA:56,0
DA:57,0
DA:59,0
LF:39
LH:0
BRDA:28,0,0,0
BRDA:30,1,0,0
BRDA:32,2,0,0
BRDA:34,3,0,0
BRDA:36,4,0,0
BRDA:38,5,0,0
BRDA:40,6,0,0
BRDA:42,7,0,0
BRDA:44,8,0,0
BRDA:50,9,0,0
BRDA:50,9,1,0
BRDA:50,10,0,0
BRDA:50,10,1,0
BRDA:51,11,0,0
BRDA:51,11,1,0
BRDA:51,12,0,0
BRDA:51,12,1,0
BRDA:52,13,0,0
BRDA:52,13,1,0
BRDA:52,14,0,0
BRDA:52,14,1,0
BRDA:54,15,0,0
BRDA:54,15,1,0
BRDA:56,16,0,0
BRDA:56,16,1,0
BRF:25
BRH:0
end_of_record
TN:
SF:src/util/globalClasses.tsx
FN:7,(anonymous_0)
FN:170,(anonymous_1)
FNF:2
FNH:2
FNDA:1,(anonymous_0)
FNDA:2,(anonymous_1)
DA:1,1
DA:7,1
DA:170,2
LF:3
LH:3
BRDA:170,0,0,0
BRDA:170,0,1,2
BRDA:170,1,0,2
BRDA:170,1,1,2
BRF:4
BRH:3
end_of_record
TN:
SF:src/util/text-formatter.tsx
FN:8,(anonymous_1)
FN:12,(anonymous_2)
FN:20,(anonymous_3)
FN:24,(anonymous_4)
FN:28,(anonymous_5)
FN:32,(anonymous_6)
FN:36,(anonymous_7)
FN:40,(anonymous_8)
FNF:8
FNH:0
FNDA:0,(anonymous_1)
FNDA:0,(anonymous_2)
FNDA:0,(anonymous_3)
FNDA:0,(anonymous_4)
FNDA:0,(anonymous_5)
FNDA:0,(anonymous_6)
FNDA:0,(anonymous_7)
FNDA:0,(anonymous_8)
DA:2,0
DA:3,0
DA:4,0
DA:8,0
DA:9,0
DA:12,0
DA:13,0
DA:20,0
DA:22,0
DA:24,0
DA:25,0
DA:28,0
DA:29,0
DA:32,0
DA:33,0
DA:36,0
DA:37,0
DA:40,0
DA:41,0
DA:44,0
LF:20
LH:0
BRDA:13,0,0,0
BRDA:13,0,1,0
BRDA:15,1,0,0
BRDA:15,1,1,0
BRDA:17,2,0,0
BRDA:17,2,1,0
BRF:6
BRH:0
end_of_record
TN:
SF:src/util/upload-image-helper.ts
FN:4,(anonymous_8)
FN:4,(anonymous_9)
FNF:2
FNH:0
FNDA:0,(anonymous_8)
FNDA:0,(anonymous_9)
DA:1,0
DA:2,0
DA:4,0
DA:5,0
DA:6,0
DA:8,0
DA:14,0
LF:7
LH:0
BRF:0
BRH:0
end_of_record
TN:
SF:src/util/wallpapers.ts
FNF:0
FNH:0
DA:1,0
LF:1
LH:0
BRF:0
BRH:0
end_of_record
TN:
SF:src/util/test-utils/api-test-helper.ts
FN:4,(anonymous_0)
FN:17,(anonymous_1)
FN:18,(anonymous_2)
FN:23,(anonymous_3)
FN:29,(anonymous_4)
FNF:5
FNH:0
FNDA:0,(anonymous_0)
FNDA:0,(anonymous_1)
FNDA:0,(anonymous_2)
FNDA:0,(anonymous_3)
FNDA:0,(anonymous_4)
DA:4,0
DA:13,0
DA:15,0
DA:16,0
DA:17,0
DA:19,0
DA:22,0
DA:24,0
DA:29,0
DA:30,0
DA:31,0
DA:32,0
LF:12
LH:0
BRDA:13,0,0,0
BRDA:13,0,1,0
BRDA:15,1,0,0
BRDA:15,1,1,0
BRF:4
BRH:0
end_of_record
TN:
SF:src/util/test-utils/mock-test-data.ts
FN:199,(anonymous_0)
FN:271,(anonymous_1)
FNF:2
FNH:1
FNDA:1,(anonymous_0)
FNDA:0,(anonymous_1)
DA:23,1
DA:25,1
DA:134,1
DA:170,1
DA:199,1
DA:200,1
DA:236,1
DA:271,1
DA:272,0
DA:303,1
DA:333,1
DA:368,1
DA:384,1
DA:397,1
DA:418,1
DA:439,1
DA:456,1
DA:471,1
DA:556,1
DA:598,1
DA:618,1
DA:638,1
DA:666,1
DA:677,1
DA:728,1
DA:747,1
DA:759,1
DA:850,1
DA:865,1
DA:880,1
DA:919,1
DA:943,1
DA:978,1
DA:1032,1
DA:1083,1
DA:1100,1
DA:1163,1
DA:1182,1
LF:38
LH:37
BRDA:199,0,0,1
BRDA:199,1,0,1
BRDA:271,2,0,0
BRDA:271,3,0,0
BRF:4
BRH:2
end_of_record
TN:
SF:src/util/test-utils/test-helper.tsx
FN:32,(anonymous_7)
FN:33,(anonymous_8)
FN:34,(anonymous_9)
FN:35,(anonymous_10)
FN:40,(anonymous_11)
FN:44,(anonymous_12)
FN:51,(anonymous_13)
FN:52,(anonymous_14)
FN:53,(anonymous_15)
FN:60,(anonymous_16)
FN:61,(anonymous_17)
FN:76,(anonymous_18)
FN:77,(anonymous_19)
FN:92,(anonymous_20)
FN:93,(anonymous_21)
FN:102,(anonymous_22)
FN:103,(anonymous_23)
FN:107,(anonymous_24)
FN:108,(anonymous_25)
FN:119,(anonymous_26)
FN:132,(anonymous_27)
FN:139,(anonymous_28)
FN:146,(anonymous_29)
FN:155,(anonymous_30)
FN:167,(anonymous_31)
FNF:25
FNH:3
FNDA:0,(anonymous_7)
FNDA:0,(anonymous_8)
FNDA:0,(anonymous_9)
FNDA:0,(anonymous_10)
FNDA:0,(anonymous_11)
FNDA:0,(anonymous_12)
FNDA:0,(anonymous_13)
FNDA:0,(anonymous_14)
FNDA:0,(anonymous_15)
FNDA:0,(anonymous_16)
FNDA:0,(anonymous_17)
FNDA:0,(anonymous_18)
FNDA:0,(anonymous_19)
FNDA:0,(anonymous_20)
FNDA:0,(anonymous_21)
FNDA:0,(anonymous_22)
FNDA:0,(anonymous_23)
FNDA:0,(anonymous_24)
FNDA:0,(anonymous_25)
FNDA:1,(anonymous_26)
FNDA:0,(anonymous_27)
FNDA:1,(anonymous_28)
FNDA:0,(anonymous_29)
FNDA:0,(anonymous_30)
FNDA:1,(anonymous_31)
DA:2,1
DA:3,1
DA:4,1
DA:5,1
DA:6,1
DA:7,1
DA:8,1
DA:9,1
DA:10,1
DA:12,1
DA:15,1
DA:24,1
DA:25,1
DA:27,1
DA:28,1
DA:29,1
DA:32,1
DA:33,0
DA:34,0
DA:35,0
DA:36,0
DA:40,0
DA:41,0
DA:44,0
DA:45,0
DA:51,1
DA:52,0
DA:53,0
DA:54,0
DA:60,1
DA:61,0
DA:64,0
DA:65,0
DA:67,0
DA:69,0
DA:71,0
DA:76,1
DA:77,0
DA:78,0
DA:81,0
DA:82,0
DA:84,0
DA:87,0
DA:92,1
DA:93,0
DA:94,0
DA:95,0
DA:97,0
DA:102,1
DA:103,0
DA:104,0
DA:107,0
DA:108,0
DA:109,0
DA:110,0
DA:112,0
DA:119,1
DA:120,1
DA:121,1
DA:123,1
DA:132,1
DA:133,0
DA:139,1
DA:140,1
DA:141,1
DA:142,1
DA:143,1
DA:146,1
DA:147,0
DA:155,1
DA:156,0
DA:157,0
DA:158,0
DA:159,0
DA:161,0
DA:163,0
DA:164,0
DA:167,1
DA:168,1
LF:79
LH:36
BRDA:64,0,0,0
BRDA:64,0,1,0
BRDA:76,1,0,0
BRDA:81,2,0,0
BRDA:81,2,1,0
BRDA:92,3,0,0
BRDA:102,4,0,0
BRDA:124,5,0,1
BRDA:124,5,1,0
BRDA:167,6,0,0
BRF:10
BRH:1
end_of_record
